-- Install configuration: ""
-- Up-to-date: /home/eric/EricBerg/Chalmers/Kandidatarbete/ros2_ws/install/ur10e_moveit_config/share/ur10e_moveit_config/config
-- Installing: /home/eric/EricBerg/Chalmers/Kandidatarbete/ros2_ws/install/ur10e_moveit_config/share/ur10e_moveit_config/config/ur10e.srdf
-- Up-to-date: /home/eric/EricBerg/Chalmers/Kandidatarbete/ros2_ws/install/ur10e_moveit_config/share/ur10e_moveit_config/config/ompl_planning.yaml
-- Installing: /home/eric/EricBerg/Chalmers/Kandidatarbete/ros2_ws/install/ur10e_moveit_config/share/ur10e_moveit_config/config/joint_limits.yaml
-- Up-to-date: /home/eric/EricBerg/Chalmers/Kandidatarbete/ros2_ws/install/ur10e_moveit_config/share/ur10e_moveit_config/config/kinematics.yaml
-- Installing: /home/eric/EricBerg/Chalmers/Kandidatarbete/ros2_ws/install/ur10e_moveit_config/share/ur10e_moveit_config/config/moveit_controllers.yaml
-- Up-to-date: /home/eric/EricBerg/Chalmers/Kandidatarbete/ros2_ws/install/ur10e_moveit_config/share/ur10e_moveit_config/config/chomp_planning.yaml
-- Up-to-date: /home/eric/EricBerg/Chalmers/Kandidatarbete/ros2_ws/install/ur10e_moveit_config/share/ur10e_moveit_config/config/move_group.yaml
-- Up-to-date: /home/eric/EricBerg/Chalmers/Kandidatarbete/ros2_ws/install/ur10e_moveit_config/share/ur10e_moveit_config/launch
-- Up-to-date: /home/eric/EricBerg/Chalmers/Kandidatarbete/ros2_ws/install/ur10e_moveit_config/share/ur10e_moveit_config/launch/demo.launch.py
-- Up-to-date: /home/eric/EricBerg/Chalmers/Kandidatarbete/ros2_ws/install/ur10e_moveit_config/share/ur10e_moveit_config/rviz
-- Up-to-date: /home/eric/EricBerg/Chalmers/Kandidatarbete/ros2_ws/install/ur10e_moveit_config/share/ur10e_moveit_config/rviz/moveit.rviz
-- Up-to-date: /home/eric/EricBerg/Chalmers/Kandidatarbete/ros2_ws/install/ur10e_moveit_config/share/ament_index/resource_index/package_run_dependencies/ur10e_moveit_config
-- Up-to-date: /home/eric/EricBerg/Chalmers/Kandidatarbete/ros2_ws/install/ur10e_moveit_config/share/ament_index/resource_index/parent_prefix_path/ur10e_moveit_config
-- Up-to-date: /home/eric/EricBerg/Chalmers/Kandidatarbete/ros2_ws/install/ur10e_moveit_config/share/ur10e_moveit_config/environment/ament_prefix_path.sh
-- Up-to-date: /home/eric/EricBerg/Chalmers/Kandidatarbete/ros2_ws/install/ur10e_moveit_config/share/ur10e_moveit_config/environment/ament_prefix_path.dsv
-- Up-to-date: /home/eric/EricBerg/Chalmers/Kandidatarbete/ros2_ws/install/ur10e_moveit_config/share/ur10e_moveit_config/environment/path.sh
-- Up-to-date: /home/eric/EricBerg/Chalmers/Kandidatarbete/ros2_ws/install/ur10e_moveit_config/share/ur10e_moveit_config/environment/path.dsv
-- Up-to-date: /home/eric/EricBerg/Chalmers/Kandidatarbete/ros2_ws/install/ur10e_moveit_config/share/ur10e_moveit_config/local_setup.bash
-- Up-to-date: /home/eric/EricBerg/Chalmers/Kandidatarbete/ros2_ws/install/ur10e_moveit_config/share/ur10e_moveit_config/local_setup.sh
-- Up-to-date: /home/eric/EricBerg/Chalmers/Kandidatarbete/ros2_ws/install/ur10e_moveit_config/share/ur10e_moveit_config/local_setup.zsh
-- Up-to-date: /home/eric/EricBerg/Chalmers/Kandidatarbete/ros2_ws/install/ur10e_moveit_config/share/ur10e_moveit_config/local_setup.dsv
-- Installing: /home/eric/EricBerg/Chalmers/Kandidatarbete/ros2_ws/install/ur10e_moveit_config/share/ur10e_moveit_config/package.dsv
-- Up-to-date: /home/eric/EricBerg/Chalmers/Kandidatarbete/ros2_ws/install/ur10e_moveit_config/share/ament_index/resource_index/packages/ur10e_moveit_config
-- Up-to-date: /home/eric/EricBerg/Chalmers/Kandidatarbete/ros2_ws/install/ur10e_moveit_config/share/ur10e_moveit_config/cmake/ur10e_moveit_configConfig.cmake
-- Up-to-date: /home/eric/EricBerg/Chalmers/Kandidatarbete/ros2_ws/install/ur10e_moveit_config/share/ur10e_moveit_config/cmake/ur10e_moveit_configConfig-version.cmake
-- Up-to-date: /home/eric/EricBerg/Chalmers/Kandidatarbete/ros2_ws/install/ur10e_moveit_config/share/ur10e_moveit_config/package.xml
