running egg_info
creating ../../build/ur10e_unity_bridge/ur10e_unity_bridge.egg-info
writing ../../build/ur10e_unity_bridge/ur10e_unity_bridge.egg-info/PKG-INFO
writing dependency_links to ../../build/ur10e_unity_bridge/ur10e_unity_bridge.egg-info/dependency_links.txt
writing entry points to ../../build/ur10e_unity_bridge/ur10e_unity_bridge.egg-info/entry_points.txt
writing requirements to ../../build/ur10e_unity_bridge/ur10e_unity_bridge.egg-info/requires.txt
writing top-level names to ../../build/ur10e_unity_bridge/ur10e_unity_bridge.egg-info/top_level.txt
writing manifest file '../../build/ur10e_unity_bridge/ur10e_unity_bridge.egg-info/SOURCES.txt'
reading manifest file '../../build/ur10e_unity_bridge/ur10e_unity_bridge.egg-info/SOURCES.txt'
writing manifest file '../../build/ur10e_unity_bridge/ur10e_unity_bridge.egg-info/SOURCES.txt'
running build
running build_py
creating /home/eric/EricBerg/Chalmers/Kandidatarbete/ros2_ws/build/ur10e_unity_bridge/build
creating /home/eric/EricBerg/Chalmers/Kandidatarbete/ros2_ws/build/ur10e_unity_bridge/build/lib
creating /home/eric/EricBerg/Chalmers/Kandidatarbete/ros2_ws/build/ur10e_unity_bridge/build/lib/ur10e_unity_bridge
copying ur10e_unity_bridge/__init__.py -> /home/eric/EricBerg/Chalmers/Kandidatarbete/ros2_ws/build/ur10e_unity_bridge/build/lib/ur10e_unity_bridge
copying ur10e_unity_bridge/display_to_unity.py -> /home/eric/EricBerg/Chalmers/Kandidatarbete/ros2_ws/build/ur10e_unity_bridge/build/lib/ur10e_unity_bridge
running install
running install_lib
creating /home/eric/EricBerg/Chalmers/Kandidatarbete/ros2_ws/install/ur10e_unity_bridge/lib/python3.10/site-packages/ur10e_unity_bridge
copying /home/eric/EricBerg/Chalmers/Kandidatarbete/ros2_ws/build/ur10e_unity_bridge/build/lib/ur10e_unity_bridge/__init__.py -> /home/eric/EricBerg/Chalmers/Kandidatarbete/ros2_ws/install/ur10e_unity_bridge/lib/python3.10/site-packages/ur10e_unity_bridge
copying /home/eric/EricBerg/Chalmers/Kandidatarbete/ros2_ws/build/ur10e_unity_bridge/build/lib/ur10e_unity_bridge/display_to_unity.py -> /home/eric/EricBerg/Chalmers/Kandidatarbete/ros2_ws/install/ur10e_unity_bridge/lib/python3.10/site-packages/ur10e_unity_bridge
byte-compiling /home/eric/EricBerg/Chalmers/Kandidatarbete/ros2_ws/install/ur10e_unity_bridge/lib/python3.10/site-packages/ur10e_unity_bridge/__init__.py to __init__.cpython-310.pyc
byte-compiling /home/eric/EricBerg/Chalmers/Kandidatarbete/ros2_ws/install/ur10e_unity_bridge/lib/python3.10/site-packages/ur10e_unity_bridge/display_to_unity.py to display_to_unity.cpython-310.pyc
running install_data
creating /home/eric/EricBerg/Chalmers/Kandidatarbete/ros2_ws/install/ur10e_unity_bridge/share/ament_index
creating /home/eric/EricBerg/Chalmers/Kandidatarbete/ros2_ws/install/ur10e_unity_bridge/share/ament_index/resource_index
creating /home/eric/EricBerg/Chalmers/Kandidatarbete/ros2_ws/install/ur10e_unity_bridge/share/ament_index/resource_index/packages
copying resource/ur10e_unity_bridge -> /home/eric/EricBerg/Chalmers/Kandidatarbete/ros2_ws/install/ur10e_unity_bridge/share/ament_index/resource_index/packages
copying package.xml -> /home/eric/EricBerg/Chalmers/Kandidatarbete/ros2_ws/install/ur10e_unity_bridge/share/ur10e_unity_bridge
creating /home/eric/EricBerg/Chalmers/Kandidatarbete/ros2_ws/install/ur10e_unity_bridge/share/ur10e_unity_bridge/launch
copying launch/bridge.launch.py -> /home/eric/EricBerg/Chalmers/Kandidatarbete/ros2_ws/install/ur10e_unity_bridge/share/ur10e_unity_bridge/launch
running install_egg_info
Copying ../../build/ur10e_unity_bridge/ur10e_unity_bridge.egg-info to /home/eric/EricBerg/Chalmers/Kandidatarbete/ros2_ws/install/ur10e_unity_bridge/lib/python3.10/site-packages/ur10e_unity_bridge-0.1.0-py3.10.egg-info
running install_scripts
Installing display_to_unity script to /home/eric/EricBerg/Chalmers/Kandidatarbete/ros2_ws/install/ur10e_unity_bridge/lib/ur10e_unity_bridge
writing list of installed files to '/home/eric/EricBerg/Chalmers/Kandidatarbete/ros2_ws/build/ur10e_unity_bridge/install.log'
