[0.516s] Invoking command in '/home/eric/EricBerg/Chalmers/Kandidatarbete/ros2_ws/src/ur10e_unity_bridge': PYTHONPATH=/home/eric/EricBerg/Chalmers/Kandidatarbete/ros2_ws/build/ur10e_unity_bridge/prefix_override:/usr/lib/python3/dist-packages/colcon_core/task/python/colcon_distutils_commands:/home/eric/EricBerg/Chalmers/Kandidatarbete/ros2_ws/install/ur10e_unity_bridge/lib/python3.10/site-packages:${PYTHONPATH} /usr/bin/python3 -W ignore:setup.py install is deprecated -W ignore:easy_install command is deprecated setup.py egg_info --egg-base ../../build/ur10e_unity_bridge build --build-base /home/eric/EricBerg/Chalmers/Kandidatarbete/ros2_ws/build/ur10e_unity_bridge/build install --record /home/eric/EricBerg/Chalmers/Kandidatarbete/ros2_ws/build/ur10e_unity_bridge/install.log --single-version-externally-managed install_data
[0.733s] running egg_info
[0.734s] writing ../../build/ur10e_unity_bridge/ur10e_unity_bridge.egg-info/PKG-INFO
[0.734s] writing dependency_links to ../../build/ur10e_unity_bridge/ur10e_unity_bridge.egg-info/dependency_links.txt
[0.734s] writing entry points to ../../build/ur10e_unity_bridge/ur10e_unity_bridge.egg-info/entry_points.txt
[0.734s] writing requirements to ../../build/ur10e_unity_bridge/ur10e_unity_bridge.egg-info/requires.txt
[0.734s] writing top-level names to ../../build/ur10e_unity_bridge/ur10e_unity_bridge.egg-info/top_level.txt
[0.735s] reading manifest file '../../build/ur10e_unity_bridge/ur10e_unity_bridge.egg-info/SOURCES.txt'
[0.736s] writing manifest file '../../build/ur10e_unity_bridge/ur10e_unity_bridge.egg-info/SOURCES.txt'
[0.736s] running build
[0.736s] running build_py
[0.736s] copying ur10e_unity_bridge/display_to_unity.py -> /home/eric/EricBerg/Chalmers/Kandidatarbete/ros2_ws/build/ur10e_unity_bridge/build/lib/ur10e_unity_bridge
[0.737s] running install
[0.737s] running install_lib
[0.738s] copying /home/eric/EricBerg/Chalmers/Kandidatarbete/ros2_ws/build/ur10e_unity_bridge/build/lib/ur10e_unity_bridge/display_to_unity.py -> /home/eric/EricBerg/Chalmers/Kandidatarbete/ros2_ws/install/ur10e_unity_bridge/lib/python3.10/site-packages/ur10e_unity_bridge
[0.738s] byte-compiling /home/eric/EricBerg/Chalmers/Kandidatarbete/ros2_ws/install/ur10e_unity_bridge/lib/python3.10/site-packages/ur10e_unity_bridge/display_to_unity.py to display_to_unity.cpython-310.pyc
[0.739s] running install_data
[0.739s] running install_egg_info
[0.742s] removing '/home/eric/EricBerg/Chalmers/Kandidatarbete/ros2_ws/install/ur10e_unity_bridge/lib/python3.10/site-packages/ur10e_unity_bridge-0.1.0-py3.10.egg-info' (and everything under it)
[0.742s] Copying ../../build/ur10e_unity_bridge/ur10e_unity_bridge.egg-info to /home/eric/EricBerg/Chalmers/Kandidatarbete/ros2_ws/install/ur10e_unity_bridge/lib/python3.10/site-packages/ur10e_unity_bridge-0.1.0-py3.10.egg-info
[0.743s] running install_scripts
[0.757s] Installing display_to_unity script to /home/eric/EricBerg/Chalmers/Kandidatarbete/ros2_ws/install/ur10e_unity_bridge/lib/ur10e_unity_bridge
[0.757s] Installing floor_collision_publisher script to /home/eric/EricBerg/Chalmers/Kandidatarbete/ros2_ws/install/ur10e_unity_bridge/lib/ur10e_unity_bridge
[0.757s] Installing mesh_collision_publisher script to /home/eric/EricBerg/Chalmers/Kandidatarbete/ros2_ws/install/ur10e_unity_bridge/lib/ur10e_unity_bridge
[0.757s] Installing pick_sequence_planner script to /home/eric/EricBerg/Chalmers/Kandidatarbete/ros2_ws/install/ur10e_unity_bridge/lib/ur10e_unity_bridge
[0.758s] Installing pose_goal_planner script to /home/eric/EricBerg/Chalmers/Kandidatarbete/ros2_ws/install/ur10e_unity_bridge/lib/ur10e_unity_bridge
[0.758s] writing list of installed files to '/home/eric/EricBerg/Chalmers/Kandidatarbete/ros2_ws/build/ur10e_unity_bridge/install.log'
[0.780s] Invoked command in '/home/eric/EricBerg/Chalmers/Kandidatarbete/ros2_ws/src/ur10e_unity_bridge' returned '0': PYTHONPATH=/home/eric/EricBerg/Chalmers/Kandidatarbete/ros2_ws/build/ur10e_unity_bridge/prefix_override:/usr/lib/python3/dist-packages/colcon_core/task/python/colcon_distutils_commands:/home/eric/EricBerg/Chalmers/Kandidatarbete/ros2_ws/install/ur10e_unity_bridge/lib/python3.10/site-packages:${PYTHONPATH} /usr/bin/python3 -W ignore:setup.py install is deprecated -W ignore:easy_install command is deprecated setup.py egg_info --egg-base ../../build/ur10e_unity_bridge build --build-base /home/eric/EricBerg/Chalmers/Kandidatarbete/ros2_ws/build/ur10e_unity_bridge/build install --record /home/eric/EricBerg/Chalmers/Kandidatarbete/ros2_ws/build/ur10e_unity_bridge/install.log --single-version-externally-managed install_data
