[0.070s] DEBUG:colcon:Command line arguments: ['/usr/bin/colcon', 'build', '--packages-select', 'ur10e_unity_bridge', 'ur10e_moveit_config', 'ur_description', '--allow-overriding', 'ur_description']
[0.070s] DEBUG:colcon:Parsed command line arguments: Namespace(log_base=None, log_level=None, verb_name='build', build_base='build', install_base='install', merge_install=False, symlink_install=False, test_result_base=None, continue_on_error=False, executor='parallel', parallel_workers=8, event_handlers=None, ignore_user_meta=False, metas=['./colcon.meta'], base_paths=['.'], packages_ignore=None, packages_ignore_regex=None, paths=None, packages_up_to=None, packages_up_to_regex=None, packages_above=None, packages_above_and_dependencies=None, packages_above_depth=None, packages_select_by_dep=None, packages_skip_by_dep=None, packages_skip_up_to=None, packages_select_build_failed=False, packages_skip_build_finished=False, packages_select_test_failures=False, packages_skip_test_passed=False, packages_select=['ur10e_unity_bridge', 'ur10e_moveit_config', 'ur_description'], packages_skip=None, packages_select_regex=None, packages_skip_regex=None, packages_start=None, packages_end=None, allow_overriding=['ur_description'], cmake_args=None, cmake_target=None, cmake_target_skip_unavailable=False, cmake_clean_cache=False, cmake_clean_first=False, cmake_force_configure=False, ament_cmake_args=None, catkin_cmake_args=None, catkin_skip_building_tests=False, mixin_files=None, mixin=None, verb_parser=<colcon_mixin.mixin.mixin_argument.MixinArgumentDecorator object at 0x7f2d3eb55c60>, verb_extension=<colcon_core.verb.build.BuildVerb object at 0x7f2d3ec5ec20>, main=<bound method BuildVerb.main of <colcon_core.verb.build.BuildVerb object at 0x7f2d3ec5ec20>>, mixin_verb=('build',))
[0.173s] Level 1:colcon.colcon_core.package_discovery:discover_packages(colcon_meta) check parameters
[0.173s] Level 1:colcon.colcon_core.package_discovery:discover_packages(recursive) check parameters
[0.173s] Level 1:colcon.colcon_core.package_discovery:discover_packages(ignore) check parameters
[0.173s] Level 1:colcon.colcon_core.package_discovery:discover_packages(path) check parameters
[0.173s] Level 1:colcon.colcon_core.package_discovery:discover_packages(colcon_meta) discover
[0.173s] Level 1:colcon.colcon_core.package_discovery:discover_packages(recursive) discover
[0.173s] INFO:colcon.colcon_core.package_discovery:Crawling recursively for packages in '/home/eric/EricBerg/Chalmers/Kandidatarbete/ros2_ws'
[0.173s] Level 1:colcon.colcon_core.package_identification:_identify(.) by extensions ['ignore', 'ignore_ament_install']
[0.173s] Level 1:colcon.colcon_core.package_identification:_identify(.) by extension 'ignore'
[0.173s] Level 1:colcon.colcon_core.package_identification:_identify(.) by extension 'ignore_ament_install'
[0.173s] Level 1:colcon.colcon_core.package_identification:_identify(.) by extensions ['colcon_pkg']
[0.173s] Level 1:colcon.colcon_core.package_identification:_identify(.) by extension 'colcon_pkg'
[0.173s] Level 1:colcon.colcon_core.package_identification:_identify(.) by extensions ['colcon_meta']
[0.173s] Level 1:colcon.colcon_core.package_identification:_identify(.) by extension 'colcon_meta'
[0.173s] Level 1:colcon.colcon_core.package_identification:_identify(.) by extensions ['ros']
[0.173s] Level 1:colcon.colcon_core.package_identification:_identify(.) by extension 'ros'
[0.181s] Level 1:colcon.colcon_core.package_identification:_identify(.) by extensions ['cmake', 'python']
[0.181s] Level 1:colcon.colcon_core.package_identification:_identify(.) by extension 'cmake'
[0.181s] Level 1:colcon.colcon_core.package_identification:_identify(.) by extension 'python'
[0.181s] Level 1:colcon.colcon_core.package_identification:_identify(.) by extensions ['python_setup_py']
[0.181s] Level 1:colcon.colcon_core.package_identification:_identify(.) by extension 'python_setup_py'
[0.181s] Level 1:colcon.colcon_core.package_identification:_identify(build) by extensions ['ignore', 'ignore_ament_install']
[0.181s] Level 1:colcon.colcon_core.package_identification:_identify(build) by extension 'ignore'
[0.181s] Level 1:colcon.colcon_core.package_identification:_identify(build) ignored
[0.181s] Level 1:colcon.colcon_core.package_identification:_identify(install) by extensions ['ignore', 'ignore_ament_install']
[0.181s] Level 1:colcon.colcon_core.package_identification:_identify(install) by extension 'ignore'
[0.181s] Level 1:colcon.colcon_core.package_identification:_identify(install) ignored
[0.182s] Level 1:colcon.colcon_core.package_identification:_identify(log) by extensions ['ignore', 'ignore_ament_install']
[0.182s] Level 1:colcon.colcon_core.package_identification:_identify(log) by extension 'ignore'
[0.182s] Level 1:colcon.colcon_core.package_identification:_identify(log) ignored
[0.182s] Level 1:colcon.colcon_core.package_identification:_identify(src) by extensions ['ignore', 'ignore_ament_install']
[0.182s] Level 1:colcon.colcon_core.package_identification:_identify(src) by extension 'ignore'
[0.182s] Level 1:colcon.colcon_core.package_identification:_identify(src) by extension 'ignore_ament_install'
[0.182s] Level 1:colcon.colcon_core.package_identification:_identify(src) by extensions ['colcon_pkg']
[0.182s] Level 1:colcon.colcon_core.package_identification:_identify(src) by extension 'colcon_pkg'
[0.182s] Level 1:colcon.colcon_core.package_identification:_identify(src) by extensions ['colcon_meta']
[0.182s] Level 1:colcon.colcon_core.package_identification:_identify(src) by extension 'colcon_meta'
[0.182s] Level 1:colcon.colcon_core.package_identification:_identify(src) by extensions ['ros']
[0.182s] Level 1:colcon.colcon_core.package_identification:_identify(src) by extension 'ros'
[0.182s] Level 1:colcon.colcon_core.package_identification:_identify(src) by extensions ['cmake', 'python']
[0.182s] Level 1:colcon.colcon_core.package_identification:_identify(src) by extension 'cmake'
[0.182s] Level 1:colcon.colcon_core.package_identification:_identify(src) by extension 'python'
[0.182s] Level 1:colcon.colcon_core.package_identification:_identify(src) by extensions ['python_setup_py']
[0.182s] Level 1:colcon.colcon_core.package_identification:_identify(src) by extension 'python_setup_py'
[0.182s] Level 1:colcon.colcon_core.package_identification:_identify(src/ur10e_moveit_config) by extensions ['ignore', 'ignore_ament_install']
[0.182s] Level 1:colcon.colcon_core.package_identification:_identify(src/ur10e_moveit_config) by extension 'ignore'
[0.182s] Level 1:colcon.colcon_core.package_identification:_identify(src/ur10e_moveit_config) by extension 'ignore_ament_install'
[0.182s] Level 1:colcon.colcon_core.package_identification:_identify(src/ur10e_moveit_config) by extensions ['colcon_pkg']
[0.182s] Level 1:colcon.colcon_core.package_identification:_identify(src/ur10e_moveit_config) by extension 'colcon_pkg'
[0.182s] Level 1:colcon.colcon_core.package_identification:_identify(src/ur10e_moveit_config) by extensions ['colcon_meta']
[0.182s] Level 1:colcon.colcon_core.package_identification:_identify(src/ur10e_moveit_config) by extension 'colcon_meta'
[0.182s] Level 1:colcon.colcon_core.package_identification:_identify(src/ur10e_moveit_config) by extensions ['ros']
[0.182s] Level 1:colcon.colcon_core.package_identification:_identify(src/ur10e_moveit_config) by extension 'ros'
[0.184s] DEBUG:colcon.colcon_core.package_identification:Package 'src/ur10e_moveit_config' with type 'ros.ament_cmake' and name 'ur10e_moveit_config'
[0.184s] Level 1:colcon.colcon_core.package_identification:_identify(src/ur10e_unity_bridge) by extensions ['ignore', 'ignore_ament_install']
[0.184s] Level 1:colcon.colcon_core.package_identification:_identify(src/ur10e_unity_bridge) by extension 'ignore'
[0.184s] Level 1:colcon.colcon_core.package_identification:_identify(src/ur10e_unity_bridge) by extension 'ignore_ament_install'
[0.184s] Level 1:colcon.colcon_core.package_identification:_identify(src/ur10e_unity_bridge) by extensions ['colcon_pkg']
[0.184s] Level 1:colcon.colcon_core.package_identification:_identify(src/ur10e_unity_bridge) by extension 'colcon_pkg'
[0.184s] Level 1:colcon.colcon_core.package_identification:_identify(src/ur10e_unity_bridge) by extensions ['colcon_meta']
[0.184s] Level 1:colcon.colcon_core.package_identification:_identify(src/ur10e_unity_bridge) by extension 'colcon_meta'
[0.184s] Level 1:colcon.colcon_core.package_identification:_identify(src/ur10e_unity_bridge) by extensions ['ros']
[0.184s] Level 1:colcon.colcon_core.package_identification:_identify(src/ur10e_unity_bridge) by extension 'ros'
[0.185s] DEBUG:colcon.colcon_core.package_identification:Package 'src/ur10e_unity_bridge' with type 'ros.ament_python' and name 'ur10e_unity_bridge'
[0.185s] Level 1:colcon.colcon_core.package_identification:_identify(src/ur_description) by extensions ['ignore', 'ignore_ament_install']
[0.185s] Level 1:colcon.colcon_core.package_identification:_identify(src/ur_description) by extension 'ignore'
[0.185s] Level 1:colcon.colcon_core.package_identification:_identify(src/ur_description) by extension 'ignore_ament_install'
[0.185s] Level 1:colcon.colcon_core.package_identification:_identify(src/ur_description) by extensions ['colcon_pkg']
[0.185s] Level 1:colcon.colcon_core.package_identification:_identify(src/ur_description) by extension 'colcon_pkg'
[0.185s] Level 1:colcon.colcon_core.package_identification:_identify(src/ur_description) by extensions ['colcon_meta']
[0.185s] Level 1:colcon.colcon_core.package_identification:_identify(src/ur_description) by extension 'colcon_meta'
[0.185s] Level 1:colcon.colcon_core.package_identification:_identify(src/ur_description) by extensions ['ros']
[0.185s] Level 1:colcon.colcon_core.package_identification:_identify(src/ur_description) by extension 'ros'
[0.185s] DEBUG:colcon.colcon_core.package_identification:Package 'src/ur_description' with type 'ros.ament_cmake' and name 'ur_description'
[0.185s] Level 1:colcon.colcon_core.package_discovery:discover_packages(recursive) using defaults
[0.185s] Level 1:colcon.colcon_core.package_discovery:discover_packages(ignore) discover
[0.185s] Level 1:colcon.colcon_core.package_discovery:discover_packages(ignore) using defaults
[0.185s] Level 1:colcon.colcon_core.package_discovery:discover_packages(path) discover
[0.185s] Level 1:colcon.colcon_core.package_discovery:discover_packages(path) using defaults
[0.209s] Level 1:colcon.colcon_core.package_discovery:discover_packages(prefix_path) check parameters
[0.209s] Level 1:colcon.colcon_core.package_discovery:discover_packages(prefix_path) discover
[0.212s] DEBUG:colcon.colcon_installed_package_information.package_discovery:Found 381 installed packages in /opt/ros/humble
[0.213s] Level 1:colcon.colcon_core.package_discovery:discover_packages(prefix_path) using defaults
[0.246s] Level 5:colcon.colcon_core.verb:set package 'ur10e_unity_bridge' build argument 'cmake_args' from command line to 'None'
[0.246s] Level 5:colcon.colcon_core.verb:set package 'ur10e_unity_bridge' build argument 'cmake_target' from command line to 'None'
[0.246s] Level 5:colcon.colcon_core.verb:set package 'ur10e_unity_bridge' build argument 'cmake_target_skip_unavailable' from command line to 'False'
[0.246s] Level 5:colcon.colcon_core.verb:set package 'ur10e_unity_bridge' build argument 'cmake_clean_cache' from command line to 'False'
[0.246s] Level 5:colcon.colcon_core.verb:set package 'ur10e_unity_bridge' build argument 'cmake_clean_first' from command line to 'False'
[0.246s] Level 5:colcon.colcon_core.verb:set package 'ur10e_unity_bridge' build argument 'cmake_force_configure' from command line to 'False'
[0.246s] Level 5:colcon.colcon_core.verb:set package 'ur10e_unity_bridge' build argument 'ament_cmake_args' from command line to 'None'
[0.246s] Level 5:colcon.colcon_core.verb:set package 'ur10e_unity_bridge' build argument 'catkin_cmake_args' from command line to 'None'
[0.246s] Level 5:colcon.colcon_core.verb:set package 'ur10e_unity_bridge' build argument 'catkin_skip_building_tests' from command line to 'False'
[0.246s] DEBUG:colcon.colcon_core.verb:Building package 'ur10e_unity_bridge' with the following arguments: {'ament_cmake_args': None, 'build_base': '/home/eric/EricBerg/Chalmers/Kandidatarbete/ros2_ws/build/ur10e_unity_bridge', 'catkin_cmake_args': None, 'catkin_skip_building_tests': False, 'cmake_args': None, 'cmake_clean_cache': False, 'cmake_clean_first': False, 'cmake_force_configure': False, 'cmake_target': None, 'cmake_target_skip_unavailable': False, 'install_base': '/home/eric/EricBerg/Chalmers/Kandidatarbete/ros2_ws/install/ur10e_unity_bridge', 'merge_install': False, 'path': '/home/eric/EricBerg/Chalmers/Kandidatarbete/ros2_ws/src/ur10e_unity_bridge', 'symlink_install': False, 'test_result_base': None}
[0.246s] Level 5:colcon.colcon_core.verb:set package 'ur_description' build argument 'cmake_args' from command line to 'None'
[0.246s] Level 5:colcon.colcon_core.verb:set package 'ur_description' build argument 'cmake_target' from command line to 'None'
[0.246s] Level 5:colcon.colcon_core.verb:set package 'ur_description' build argument 'cmake_target_skip_unavailable' from command line to 'False'
[0.246s] Level 5:colcon.colcon_core.verb:set package 'ur_description' build argument 'cmake_clean_cache' from command line to 'False'
[0.246s] Level 5:colcon.colcon_core.verb:set package 'ur_description' build argument 'cmake_clean_first' from command line to 'False'
[0.246s] Level 5:colcon.colcon_core.verb:set package 'ur_description' build argument 'cmake_force_configure' from command line to 'False'
[0.246s] Level 5:colcon.colcon_core.verb:set package 'ur_description' build argument 'ament_cmake_args' from command line to 'None'
[0.246s] Level 5:colcon.colcon_core.verb:set package 'ur_description' build argument 'catkin_cmake_args' from command line to 'None'
[0.246s] Level 5:colcon.colcon_core.verb:set package 'ur_description' build argument 'catkin_skip_building_tests' from command line to 'False'
[0.246s] DEBUG:colcon.colcon_core.verb:Building package 'ur_description' with the following arguments: {'ament_cmake_args': None, 'build_base': '/home/eric/EricBerg/Chalmers/Kandidatarbete/ros2_ws/build/ur_description', 'catkin_cmake_args': None, 'catkin_skip_building_tests': False, 'cmake_args': None, 'cmake_clean_cache': False, 'cmake_clean_first': False, 'cmake_force_configure': False, 'cmake_target': None, 'cmake_target_skip_unavailable': False, 'install_base': '/home/eric/EricBerg/Chalmers/Kandidatarbete/ros2_ws/install/ur_description', 'merge_install': False, 'path': '/home/eric/EricBerg/Chalmers/Kandidatarbete/ros2_ws/src/ur_description', 'symlink_install': False, 'test_result_base': None}
[0.247s] Level 5:colcon.colcon_core.verb:set package 'ur10e_moveit_config' build argument 'cmake_args' from command line to 'None'
[0.247s] Level 5:colcon.colcon_core.verb:set package 'ur10e_moveit_config' build argument 'cmake_target' from command line to 'None'
[0.247s] Level 5:colcon.colcon_core.verb:set package 'ur10e_moveit_config' build argument 'cmake_target_skip_unavailable' from command line to 'False'
[0.247s] Level 5:colcon.colcon_core.verb:set package 'ur10e_moveit_config' build argument 'cmake_clean_cache' from command line to 'False'
[0.247s] Level 5:colcon.colcon_core.verb:set package 'ur10e_moveit_config' build argument 'cmake_clean_first' from command line to 'False'
[0.247s] Level 5:colcon.colcon_core.verb:set package 'ur10e_moveit_config' build argument 'cmake_force_configure' from command line to 'False'
[0.247s] Level 5:colcon.colcon_core.verb:set package 'ur10e_moveit_config' build argument 'ament_cmake_args' from command line to 'None'
[0.247s] Level 5:colcon.colcon_core.verb:set package 'ur10e_moveit_config' build argument 'catkin_cmake_args' from command line to 'None'
[0.247s] Level 5:colcon.colcon_core.verb:set package 'ur10e_moveit_config' build argument 'catkin_skip_building_tests' from command line to 'False'
[0.247s] DEBUG:colcon.colcon_core.verb:Building package 'ur10e_moveit_config' with the following arguments: {'ament_cmake_args': None, 'build_base': '/home/eric/EricBerg/Chalmers/Kandidatarbete/ros2_ws/build/ur10e_moveit_config', 'catkin_cmake_args': None, 'catkin_skip_building_tests': False, 'cmake_args': None, 'cmake_clean_cache': False, 'cmake_clean_first': False, 'cmake_force_configure': False, 'cmake_target': None, 'cmake_target_skip_unavailable': False, 'install_base': '/home/eric/EricBerg/Chalmers/Kandidatarbete/ros2_ws/install/ur10e_moveit_config', 'merge_install': False, 'path': '/home/eric/EricBerg/Chalmers/Kandidatarbete/ros2_ws/src/ur10e_moveit_config', 'symlink_install': False, 'test_result_base': None}
[0.247s] INFO:colcon.colcon_core.executor:Executing jobs using 'parallel' executor
[0.249s] DEBUG:colcon.colcon_parallel_executor.executor.parallel:run_until_complete
[0.249s] INFO:colcon.colcon_ros.task.ament_cmake.build:Building ROS package in '/home/eric/EricBerg/Chalmers/Kandidatarbete/ros2_ws/src/ur_description' with build type 'ament_cmake'
[0.249s] INFO:colcon.colcon_cmake.task.cmake.build:Building CMake package in '/home/eric/EricBerg/Chalmers/Kandidatarbete/ros2_ws/src/ur_description'
[0.250s] INFO:colcon.colcon_core.plugin_system:Skipping extension 'colcon_core.shell.bat': Not used on non-Windows systems
[0.250s] INFO:colcon.colcon_core.shell:Skip shell extension 'powershell' for command environment: Not usable outside of PowerShell
[0.250s] DEBUG:colcon.colcon_core.shell:Skip shell extension 'dsv' for command environment
[0.252s] INFO:colcon.colcon_ros.task.ament_python.build:Building ROS package in '/home/eric/EricBerg/Chalmers/Kandidatarbete/ros2_ws/src/ur10e_unity_bridge' with build type 'ament_python'
[0.252s] Level 1:colcon.colcon_core.shell:create_environment_hook('ur10e_unity_bridge', 'ament_prefix_path')
[0.252s] INFO:colcon.colcon_core.shell:Creating environment hook '/home/eric/EricBerg/Chalmers/Kandidatarbete/ros2_ws/install/ur10e_unity_bridge/share/ur10e_unity_bridge/hook/ament_prefix_path.ps1'
[0.253s] INFO:colcon.colcon_core.shell:Creating environment descriptor '/home/eric/EricBerg/Chalmers/Kandidatarbete/ros2_ws/install/ur10e_unity_bridge/share/ur10e_unity_bridge/hook/ament_prefix_path.dsv'
[0.253s] INFO:colcon.colcon_core.shell:Creating environment hook '/home/eric/EricBerg/Chalmers/Kandidatarbete/ros2_ws/install/ur10e_unity_bridge/share/ur10e_unity_bridge/hook/ament_prefix_path.sh'
[0.254s] INFO:colcon.colcon_core.shell:Skip shell extension 'powershell' for command environment: Not usable outside of PowerShell
[0.254s] DEBUG:colcon.colcon_core.shell:Skip shell extension 'dsv' for command environment
[0.260s] DEBUG:colcon.colcon_core.event_handler.log_command:Invoking command in '/home/eric/EricBerg/Chalmers/Kandidatarbete/ros2_ws/build/ur_description': CMAKE_PREFIX_PATH=/opt/ros/humble /usr/bin/cmake --build /home/eric/EricBerg/Chalmers/Kandidatarbete/ros2_ws/build/ur_description -- -j8 -l8
[0.431s] INFO:colcon.colcon_core.task.python.build:Building Python package in '/home/eric/EricBerg/Chalmers/Kandidatarbete/ros2_ws/src/ur10e_unity_bridge'
[0.432s] INFO:colcon.colcon_core.shell:Skip shell extension 'powershell' for command environment: Not usable outside of PowerShell
[0.432s] DEBUG:colcon.colcon_core.shell:Skip shell extension 'dsv' for command environment
[0.436s] DEBUG:colcon.colcon_core.event_handler.log_command:Invoked command in '/home/eric/EricBerg/Chalmers/Kandidatarbete/ros2_ws/build/ur_description' returned '0': CMAKE_PREFIX_PATH=/opt/ros/humble /usr/bin/cmake --build /home/eric/EricBerg/Chalmers/Kandidatarbete/ros2_ws/build/ur_description -- -j8 -l8
[0.443s] DEBUG:colcon.colcon_core.event_handler.log_command:Invoking command in '/home/eric/EricBerg/Chalmers/Kandidatarbete/ros2_ws/build/ur_description': CMAKE_PREFIX_PATH=/opt/ros/humble /usr/bin/cmake --install /home/eric/EricBerg/Chalmers/Kandidatarbete/ros2_ws/build/ur_description
[0.452s] Level 1:colcon.colcon_core.environment:create_environment_scripts_only(ur_description)
[0.452s] DEBUG:colcon.colcon_core.event_handler.log_command:Invoked command in '/home/eric/EricBerg/Chalmers/Kandidatarbete/ros2_ws/build/ur_description' returned '0': CMAKE_PREFIX_PATH=/opt/ros/humble /usr/bin/cmake --install /home/eric/EricBerg/Chalmers/Kandidatarbete/ros2_ws/build/ur_description
[0.453s] Level 1:colcon.colcon_core.environment:checking '/home/eric/EricBerg/Chalmers/Kandidatarbete/ros2_ws/install/ur_description' for CMake module files
[0.454s] Level 1:colcon.colcon_core.environment:checking '/home/eric/EricBerg/Chalmers/Kandidatarbete/ros2_ws/install/ur_description' for CMake config files
[0.454s] Level 1:colcon.colcon_core.shell:create_environment_hook('ur_description', 'cmake_prefix_path')
[0.454s] INFO:colcon.colcon_core.shell:Creating environment hook '/home/eric/EricBerg/Chalmers/Kandidatarbete/ros2_ws/install/ur_description/share/ur_description/hook/cmake_prefix_path.ps1'
[0.455s] INFO:colcon.colcon_core.shell:Creating environment descriptor '/home/eric/EricBerg/Chalmers/Kandidatarbete/ros2_ws/install/ur_description/share/ur_description/hook/cmake_prefix_path.dsv'
[0.455s] INFO:colcon.colcon_core.shell:Creating environment hook '/home/eric/EricBerg/Chalmers/Kandidatarbete/ros2_ws/install/ur_description/share/ur_description/hook/cmake_prefix_path.sh'
[0.455s] Level 1:colcon.colcon_core.environment:checking '/home/eric/EricBerg/Chalmers/Kandidatarbete/ros2_ws/install/ur_description/bin'
[0.455s] Level 1:colcon.colcon_core.environment:checking '/home/eric/EricBerg/Chalmers/Kandidatarbete/ros2_ws/install/ur_description/lib/pkgconfig/ur_description.pc'
[0.455s] Level 1:colcon.colcon_core.environment:checking '/home/eric/EricBerg/Chalmers/Kandidatarbete/ros2_ws/install/ur_description/lib/python3.10/site-packages'
[0.456s] Level 1:colcon.colcon_core.environment:checking '/home/eric/EricBerg/Chalmers/Kandidatarbete/ros2_ws/install/ur_description/bin'
[0.456s] INFO:colcon.colcon_core.shell:Creating package script '/home/eric/EricBerg/Chalmers/Kandidatarbete/ros2_ws/install/ur_description/share/ur_description/package.ps1'
[0.456s] INFO:colcon.colcon_core.shell:Creating package descriptor '/home/eric/EricBerg/Chalmers/Kandidatarbete/ros2_ws/install/ur_description/share/ur_description/package.dsv'
[0.457s] INFO:colcon.colcon_core.shell:Creating package script '/home/eric/EricBerg/Chalmers/Kandidatarbete/ros2_ws/install/ur_description/share/ur_description/package.sh'
[0.457s] INFO:colcon.colcon_core.shell:Creating package script '/home/eric/EricBerg/Chalmers/Kandidatarbete/ros2_ws/install/ur_description/share/ur_description/package.bash'
[0.458s] INFO:colcon.colcon_core.shell:Creating package script '/home/eric/EricBerg/Chalmers/Kandidatarbete/ros2_ws/install/ur_description/share/ur_description/package.zsh'
[0.458s] Level 1:colcon.colcon_core.environment:create_file_with_runtime_dependencies(/home/eric/EricBerg/Chalmers/Kandidatarbete/ros2_ws/install/ur_description/share/colcon-core/packages/ur_description)
[0.458s] Level 1:colcon.colcon_core.environment:create_environment_scripts_only(ur_description)
[0.459s] Level 1:colcon.colcon_core.environment:checking '/home/eric/EricBerg/Chalmers/Kandidatarbete/ros2_ws/install/ur_description' for CMake module files
[0.459s] Level 1:colcon.colcon_core.environment:checking '/home/eric/EricBerg/Chalmers/Kandidatarbete/ros2_ws/install/ur_description' for CMake config files
[0.459s] Level 1:colcon.colcon_core.shell:create_environment_hook('ur_description', 'cmake_prefix_path')
[0.459s] INFO:colcon.colcon_core.shell:Creating environment hook '/home/eric/EricBerg/Chalmers/Kandidatarbete/ros2_ws/install/ur_description/share/ur_description/hook/cmake_prefix_path.ps1'
[0.460s] INFO:colcon.colcon_core.shell:Creating environment descriptor '/home/eric/EricBerg/Chalmers/Kandidatarbete/ros2_ws/install/ur_description/share/ur_description/hook/cmake_prefix_path.dsv'
[0.460s] INFO:colcon.colcon_core.shell:Creating environment hook '/home/eric/EricBerg/Chalmers/Kandidatarbete/ros2_ws/install/ur_description/share/ur_description/hook/cmake_prefix_path.sh'
[0.461s] Level 1:colcon.colcon_core.environment:checking '/home/eric/EricBerg/Chalmers/Kandidatarbete/ros2_ws/install/ur_description/bin'
[0.461s] Level 1:colcon.colcon_core.environment:checking '/home/eric/EricBerg/Chalmers/Kandidatarbete/ros2_ws/install/ur_description/lib/pkgconfig/ur_description.pc'
[0.461s] Level 1:colcon.colcon_core.environment:checking '/home/eric/EricBerg/Chalmers/Kandidatarbete/ros2_ws/install/ur_description/lib/python3.10/site-packages'
[0.461s] Level 1:colcon.colcon_core.environment:checking '/home/eric/EricBerg/Chalmers/Kandidatarbete/ros2_ws/install/ur_description/bin'
[0.462s] INFO:colcon.colcon_core.shell:Creating package script '/home/eric/EricBerg/Chalmers/Kandidatarbete/ros2_ws/install/ur_description/share/ur_description/package.ps1'
[0.462s] INFO:colcon.colcon_core.shell:Creating package descriptor '/home/eric/EricBerg/Chalmers/Kandidatarbete/ros2_ws/install/ur_description/share/ur_description/package.dsv'
[0.463s] INFO:colcon.colcon_core.shell:Creating package script '/home/eric/EricBerg/Chalmers/Kandidatarbete/ros2_ws/install/ur_description/share/ur_description/package.sh'
[0.463s] INFO:colcon.colcon_core.shell:Creating package script '/home/eric/EricBerg/Chalmers/Kandidatarbete/ros2_ws/install/ur_description/share/ur_description/package.bash'
[0.463s] INFO:colcon.colcon_core.shell:Creating package script '/home/eric/EricBerg/Chalmers/Kandidatarbete/ros2_ws/install/ur_description/share/ur_description/package.zsh'
[0.464s] Level 1:colcon.colcon_core.environment:create_file_with_runtime_dependencies(/home/eric/EricBerg/Chalmers/Kandidatarbete/ros2_ws/install/ur_description/share/colcon-core/packages/ur_description)
[0.464s] INFO:colcon.colcon_ros.task.ament_cmake.build:Building ROS package in '/home/eric/EricBerg/Chalmers/Kandidatarbete/ros2_ws/src/ur10e_moveit_config' with build type 'ament_cmake'
[0.465s] INFO:colcon.colcon_cmake.task.cmake.build:Building CMake package in '/home/eric/EricBerg/Chalmers/Kandidatarbete/ros2_ws/src/ur10e_moveit_config'
[0.465s] INFO:colcon.colcon_core.shell:Skip shell extension 'powershell' for command environment: Not usable outside of PowerShell
[0.465s] DEBUG:colcon.colcon_core.shell:Skip shell extension 'dsv' for command environment
[0.472s] DEBUG:colcon.colcon_core.event_handler.log_command:Invoking command in '/home/eric/EricBerg/Chalmers/Kandidatarbete/ros2_ws/build/ur10e_moveit_config': AMENT_PREFIX_PATH=/home/eric/EricBerg/Chalmers/Kandidatarbete/ros2_ws/install/ur_description:${AMENT_PREFIX_PATH} CMAKE_PREFIX_PATH=/home/eric/EricBerg/Chalmers/Kandidatarbete/ros2_ws/install/ur_description:/opt/ros/humble /usr/bin/cmake --build /home/eric/EricBerg/Chalmers/Kandidatarbete/ros2_ws/build/ur10e_moveit_config -- -j8 -l8
[0.502s] DEBUG:colcon.colcon_core.event_handler.log_command:Invoked command in '/home/eric/EricBerg/Chalmers/Kandidatarbete/ros2_ws/build/ur10e_moveit_config' returned '0': AMENT_PREFIX_PATH=/home/eric/EricBerg/Chalmers/Kandidatarbete/ros2_ws/install/ur_description:${AMENT_PREFIX_PATH} CMAKE_PREFIX_PATH=/home/eric/EricBerg/Chalmers/Kandidatarbete/ros2_ws/install/ur_description:/opt/ros/humble /usr/bin/cmake --build /home/eric/EricBerg/Chalmers/Kandidatarbete/ros2_ws/build/ur10e_moveit_config -- -j8 -l8
[0.503s] DEBUG:colcon.colcon_core.event_handler.log_command:Invoking command in '/home/eric/EricBerg/Chalmers/Kandidatarbete/ros2_ws/build/ur10e_moveit_config': AMENT_PREFIX_PATH=/home/eric/EricBerg/Chalmers/Kandidatarbete/ros2_ws/install/ur_description:${AMENT_PREFIX_PATH} CMAKE_PREFIX_PATH=/home/eric/EricBerg/Chalmers/Kandidatarbete/ros2_ws/install/ur_description:/opt/ros/humble /usr/bin/cmake --install /home/eric/EricBerg/Chalmers/Kandidatarbete/ros2_ws/build/ur10e_moveit_config
[0.511s] Level 1:colcon.colcon_core.environment:create_environment_scripts_only(ur10e_moveit_config)
[0.512s] Level 1:colcon.colcon_core.environment:checking '/home/eric/EricBerg/Chalmers/Kandidatarbete/ros2_ws/install/ur10e_moveit_config' for CMake module files
[0.512s] DEBUG:colcon.colcon_core.event_handler.log_command:Invoked command in '/home/eric/EricBerg/Chalmers/Kandidatarbete/ros2_ws/build/ur10e_moveit_config' returned '0': AMENT_PREFIX_PATH=/home/eric/EricBerg/Chalmers/Kandidatarbete/ros2_ws/install/ur_description:${AMENT_PREFIX_PATH} CMAKE_PREFIX_PATH=/home/eric/EricBerg/Chalmers/Kandidatarbete/ros2_ws/install/ur_description:/opt/ros/humble /usr/bin/cmake --install /home/eric/EricBerg/Chalmers/Kandidatarbete/ros2_ws/build/ur10e_moveit_config
[0.512s] Level 1:colcon.colcon_core.environment:checking '/home/eric/EricBerg/Chalmers/Kandidatarbete/ros2_ws/install/ur10e_moveit_config' for CMake config files
[0.512s] Level 1:colcon.colcon_core.shell:create_environment_hook('ur10e_moveit_config', 'cmake_prefix_path')
[0.513s] INFO:colcon.colcon_core.shell:Creating environment hook '/home/eric/EricBerg/Chalmers/Kandidatarbete/ros2_ws/install/ur10e_moveit_config/share/ur10e_moveit_config/hook/cmake_prefix_path.ps1'
[0.513s] INFO:colcon.colcon_core.shell:Creating environment descriptor '/home/eric/EricBerg/Chalmers/Kandidatarbete/ros2_ws/install/ur10e_moveit_config/share/ur10e_moveit_config/hook/cmake_prefix_path.dsv'
[0.513s] INFO:colcon.colcon_core.shell:Creating environment hook '/home/eric/EricBerg/Chalmers/Kandidatarbete/ros2_ws/install/ur10e_moveit_config/share/ur10e_moveit_config/hook/cmake_prefix_path.sh'
[0.513s] Level 1:colcon.colcon_core.environment:checking '/home/eric/EricBerg/Chalmers/Kandidatarbete/ros2_ws/install/ur10e_moveit_config/bin'
[0.513s] Level 1:colcon.colcon_core.environment:checking '/home/eric/EricBerg/Chalmers/Kandidatarbete/ros2_ws/install/ur10e_moveit_config/lib/pkgconfig/ur10e_moveit_config.pc'
[0.514s] Level 1:colcon.colcon_core.environment:checking '/home/eric/EricBerg/Chalmers/Kandidatarbete/ros2_ws/install/ur10e_moveit_config/lib/python3.10/site-packages'
[0.514s] Level 1:colcon.colcon_core.environment:checking '/home/eric/EricBerg/Chalmers/Kandidatarbete/ros2_ws/install/ur10e_moveit_config/bin'
[0.514s] INFO:colcon.colcon_core.shell:Creating package script '/home/eric/EricBerg/Chalmers/Kandidatarbete/ros2_ws/install/ur10e_moveit_config/share/ur10e_moveit_config/package.ps1'
[0.515s] INFO:colcon.colcon_core.shell:Creating package descriptor '/home/eric/EricBerg/Chalmers/Kandidatarbete/ros2_ws/install/ur10e_moveit_config/share/ur10e_moveit_config/package.dsv'
[0.515s] INFO:colcon.colcon_core.shell:Creating package script '/home/eric/EricBerg/Chalmers/Kandidatarbete/ros2_ws/install/ur10e_moveit_config/share/ur10e_moveit_config/package.sh'
[0.515s] INFO:colcon.colcon_core.shell:Creating package script '/home/eric/EricBerg/Chalmers/Kandidatarbete/ros2_ws/install/ur10e_moveit_config/share/ur10e_moveit_config/package.bash'
[0.515s] INFO:colcon.colcon_core.shell:Creating package script '/home/eric/EricBerg/Chalmers/Kandidatarbete/ros2_ws/install/ur10e_moveit_config/share/ur10e_moveit_config/package.zsh'
[0.516s] Level 1:colcon.colcon_core.environment:create_file_with_runtime_dependencies(/home/eric/EricBerg/Chalmers/Kandidatarbete/ros2_ws/install/ur10e_moveit_config/share/colcon-core/packages/ur10e_moveit_config)
[0.516s] Level 1:colcon.colcon_core.environment:create_environment_scripts_only(ur10e_moveit_config)
[0.516s] Level 1:colcon.colcon_core.environment:checking '/home/eric/EricBerg/Chalmers/Kandidatarbete/ros2_ws/install/ur10e_moveit_config' for CMake module files
[0.517s] Level 1:colcon.colcon_core.environment:checking '/home/eric/EricBerg/Chalmers/Kandidatarbete/ros2_ws/install/ur10e_moveit_config' for CMake config files
[0.517s] Level 1:colcon.colcon_core.shell:create_environment_hook('ur10e_moveit_config', 'cmake_prefix_path')
[0.517s] INFO:colcon.colcon_core.shell:Creating environment hook '/home/eric/EricBerg/Chalmers/Kandidatarbete/ros2_ws/install/ur10e_moveit_config/share/ur10e_moveit_config/hook/cmake_prefix_path.ps1'
[0.517s] INFO:colcon.colcon_core.shell:Creating environment descriptor '/home/eric/EricBerg/Chalmers/Kandidatarbete/ros2_ws/install/ur10e_moveit_config/share/ur10e_moveit_config/hook/cmake_prefix_path.dsv'
[0.517s] INFO:colcon.colcon_core.shell:Creating environment hook '/home/eric/EricBerg/Chalmers/Kandidatarbete/ros2_ws/install/ur10e_moveit_config/share/ur10e_moveit_config/hook/cmake_prefix_path.sh'
[0.518s] Level 1:colcon.colcon_core.environment:checking '/home/eric/EricBerg/Chalmers/Kandidatarbete/ros2_ws/install/ur10e_moveit_config/bin'
[0.518s] Level 1:colcon.colcon_core.environment:checking '/home/eric/EricBerg/Chalmers/Kandidatarbete/ros2_ws/install/ur10e_moveit_config/lib/pkgconfig/ur10e_moveit_config.pc'
[0.518s] Level 1:colcon.colcon_core.environment:checking '/home/eric/EricBerg/Chalmers/Kandidatarbete/ros2_ws/install/ur10e_moveit_config/lib/python3.10/site-packages'
[0.518s] Level 1:colcon.colcon_core.environment:checking '/home/eric/EricBerg/Chalmers/Kandidatarbete/ros2_ws/install/ur10e_moveit_config/bin'
[0.518s] INFO:colcon.colcon_core.shell:Creating package script '/home/eric/EricBerg/Chalmers/Kandidatarbete/ros2_ws/install/ur10e_moveit_config/share/ur10e_moveit_config/package.ps1'
[0.518s] INFO:colcon.colcon_core.shell:Creating package descriptor '/home/eric/EricBerg/Chalmers/Kandidatarbete/ros2_ws/install/ur10e_moveit_config/share/ur10e_moveit_config/package.dsv'
[0.519s] INFO:colcon.colcon_core.shell:Creating package script '/home/eric/EricBerg/Chalmers/Kandidatarbete/ros2_ws/install/ur10e_moveit_config/share/ur10e_moveit_config/package.sh'
[0.519s] INFO:colcon.colcon_core.shell:Creating package script '/home/eric/EricBerg/Chalmers/Kandidatarbete/ros2_ws/install/ur10e_moveit_config/share/ur10e_moveit_config/package.bash'
[0.519s] INFO:colcon.colcon_core.shell:Creating package script '/home/eric/EricBerg/Chalmers/Kandidatarbete/ros2_ws/install/ur10e_moveit_config/share/ur10e_moveit_config/package.zsh'
[0.519s] Level 1:colcon.colcon_core.environment:create_file_with_runtime_dependencies(/home/eric/EricBerg/Chalmers/Kandidatarbete/ros2_ws/install/ur10e_moveit_config/share/colcon-core/packages/ur10e_moveit_config)
[0.806s] DEBUG:colcon.colcon_core.event_handler.log_command:Invoking command in '/home/eric/EricBerg/Chalmers/Kandidatarbete/ros2_ws/src/ur10e_unity_bridge': PYTHONPATH=/home/eric/EricBerg/Chalmers/Kandidatarbete/ros2_ws/build/ur10e_unity_bridge/prefix_override:/usr/lib/python3/dist-packages/colcon_core/task/python/colcon_distutils_commands:/home/eric/EricBerg/Chalmers/Kandidatarbete/ros2_ws/install/ur10e_unity_bridge/lib/python3.10/site-packages:${PYTHONPATH} /usr/bin/python3 -W ignore:setup.py install is deprecated -W ignore:easy_install command is deprecated setup.py egg_info --egg-base ../../build/ur10e_unity_bridge build --build-base /home/eric/EricBerg/Chalmers/Kandidatarbete/ros2_ws/build/ur10e_unity_bridge/build install --record /home/eric/EricBerg/Chalmers/Kandidatarbete/ros2_ws/build/ur10e_unity_bridge/install.log --single-version-externally-managed install_data
[1.005s] Level 1:colcon.colcon_core.environment:checking '/home/eric/EricBerg/Chalmers/Kandidatarbete/ros2_ws/install/ur10e_unity_bridge' for CMake module files
[1.005s] DEBUG:colcon.colcon_core.event_handler.log_command:Invoked command in '/home/eric/EricBerg/Chalmers/Kandidatarbete/ros2_ws/src/ur10e_unity_bridge' returned '0': PYTHONPATH=/home/eric/EricBerg/Chalmers/Kandidatarbete/ros2_ws/build/ur10e_unity_bridge/prefix_override:/usr/lib/python3/dist-packages/colcon_core/task/python/colcon_distutils_commands:/home/eric/EricBerg/Chalmers/Kandidatarbete/ros2_ws/install/ur10e_unity_bridge/lib/python3.10/site-packages:${PYTHONPATH} /usr/bin/python3 -W ignore:setup.py install is deprecated -W ignore:easy_install command is deprecated setup.py egg_info --egg-base ../../build/ur10e_unity_bridge build --build-base /home/eric/EricBerg/Chalmers/Kandidatarbete/ros2_ws/build/ur10e_unity_bridge/build install --record /home/eric/EricBerg/Chalmers/Kandidatarbete/ros2_ws/build/ur10e_unity_bridge/install.log --single-version-externally-managed install_data
[1.006s] Level 1:colcon.colcon_core.environment:checking '/home/eric/EricBerg/Chalmers/Kandidatarbete/ros2_ws/install/ur10e_unity_bridge' for CMake config files
[1.006s] Level 1:colcon.colcon_core.environment:checking '/home/eric/EricBerg/Chalmers/Kandidatarbete/ros2_ws/install/ur10e_unity_bridge/lib'
[1.006s] Level 1:colcon.colcon_core.environment:checking '/home/eric/EricBerg/Chalmers/Kandidatarbete/ros2_ws/install/ur10e_unity_bridge/bin'
[1.006s] Level 1:colcon.colcon_core.environment:checking '/home/eric/EricBerg/Chalmers/Kandidatarbete/ros2_ws/install/ur10e_unity_bridge/lib/pkgconfig/ur10e_unity_bridge.pc'
[1.006s] Level 1:colcon.colcon_core.environment:checking '/home/eric/EricBerg/Chalmers/Kandidatarbete/ros2_ws/install/ur10e_unity_bridge/lib/python3.10/site-packages'
[1.006s] Level 1:colcon.colcon_core.shell:create_environment_hook('ur10e_unity_bridge', 'pythonpath')
[1.006s] INFO:colcon.colcon_core.shell:Creating environment hook '/home/eric/EricBerg/Chalmers/Kandidatarbete/ros2_ws/install/ur10e_unity_bridge/share/ur10e_unity_bridge/hook/pythonpath.ps1'
[1.007s] INFO:colcon.colcon_core.shell:Creating environment descriptor '/home/eric/EricBerg/Chalmers/Kandidatarbete/ros2_ws/install/ur10e_unity_bridge/share/ur10e_unity_bridge/hook/pythonpath.dsv'
[1.007s] INFO:colcon.colcon_core.shell:Creating environment hook '/home/eric/EricBerg/Chalmers/Kandidatarbete/ros2_ws/install/ur10e_unity_bridge/share/ur10e_unity_bridge/hook/pythonpath.sh'
[1.007s] Level 1:colcon.colcon_core.environment:checking '/home/eric/EricBerg/Chalmers/Kandidatarbete/ros2_ws/install/ur10e_unity_bridge/bin'
[1.007s] Level 1:colcon.colcon_core.environment:create_environment_scripts_only(ur10e_unity_bridge)
[1.008s] INFO:colcon.colcon_core.shell:Creating package script '/home/eric/EricBerg/Chalmers/Kandidatarbete/ros2_ws/install/ur10e_unity_bridge/share/ur10e_unity_bridge/package.ps1'
[1.008s] INFO:colcon.colcon_core.shell:Creating package descriptor '/home/eric/EricBerg/Chalmers/Kandidatarbete/ros2_ws/install/ur10e_unity_bridge/share/ur10e_unity_bridge/package.dsv'
[1.009s] INFO:colcon.colcon_core.shell:Creating package script '/home/eric/EricBerg/Chalmers/Kandidatarbete/ros2_ws/install/ur10e_unity_bridge/share/ur10e_unity_bridge/package.sh'
[1.009s] INFO:colcon.colcon_core.shell:Creating package script '/home/eric/EricBerg/Chalmers/Kandidatarbete/ros2_ws/install/ur10e_unity_bridge/share/ur10e_unity_bridge/package.bash'
[1.009s] INFO:colcon.colcon_core.shell:Creating package script '/home/eric/EricBerg/Chalmers/Kandidatarbete/ros2_ws/install/ur10e_unity_bridge/share/ur10e_unity_bridge/package.zsh'
[1.009s] Level 1:colcon.colcon_core.environment:create_file_with_runtime_dependencies(/home/eric/EricBerg/Chalmers/Kandidatarbete/ros2_ws/install/ur10e_unity_bridge/share/colcon-core/packages/ur10e_unity_bridge)
[1.010s] DEBUG:colcon.colcon_parallel_executor.executor.parallel:closing loop
[1.010s] DEBUG:colcon.colcon_parallel_executor.executor.parallel:loop closed
[1.010s] DEBUG:colcon.colcon_parallel_executor.executor.parallel:run_until_complete finished with '0'
[1.010s] DEBUG:colcon.colcon_core.event_reactor:joining thread
[1.014s] INFO:colcon.colcon_core.plugin_system:Skipping extension 'colcon_notification.desktop_notification.terminal_notifier': Not used on non-Darwin systems
[1.014s] INFO:colcon.colcon_core.plugin_system:Skipping extension 'colcon_notification.desktop_notification.win32': Not used on non-Windows systems
[1.014s] INFO:colcon.colcon_notification.desktop_notification:Sending desktop notification using 'notify2'
[1.021s] DEBUG:colcon.colcon_core.event_reactor:joined thread
[1.022s] INFO:colcon.colcon_core.shell:Creating prefix script '/home/eric/EricBerg/Chalmers/Kandidatarbete/ros2_ws/install/local_setup.ps1'
[1.022s] INFO:colcon.colcon_core.shell:Creating prefix util module '/home/eric/EricBerg/Chalmers/Kandidatarbete/ros2_ws/install/_local_setup_util_ps1.py'
[1.023s] INFO:colcon.colcon_core.shell:Creating prefix chain script '/home/eric/EricBerg/Chalmers/Kandidatarbete/ros2_ws/install/setup.ps1'
[1.024s] INFO:colcon.colcon_core.shell:Creating prefix script '/home/eric/EricBerg/Chalmers/Kandidatarbete/ros2_ws/install/local_setup.sh'
[1.024s] INFO:colcon.colcon_core.shell:Creating prefix util module '/home/eric/EricBerg/Chalmers/Kandidatarbete/ros2_ws/install/_local_setup_util_sh.py'
[1.024s] INFO:colcon.colcon_core.shell:Creating prefix chain script '/home/eric/EricBerg/Chalmers/Kandidatarbete/ros2_ws/install/setup.sh'
[1.025s] INFO:colcon.colcon_core.shell:Creating prefix script '/home/eric/EricBerg/Chalmers/Kandidatarbete/ros2_ws/install/local_setup.bash'
[1.025s] INFO:colcon.colcon_core.shell:Creating prefix chain script '/home/eric/EricBerg/Chalmers/Kandidatarbete/ros2_ws/install/setup.bash'
[1.026s] INFO:colcon.colcon_core.shell:Creating prefix script '/home/eric/EricBerg/Chalmers/Kandidatarbete/ros2_ws/install/local_setup.zsh'
[1.026s] INFO:colcon.colcon_core.shell:Creating prefix chain script '/home/eric/EricBerg/Chalmers/Kandidatarbete/ros2_ws/install/setup.zsh'
