[0.065s] DEBUG:colcon:Command line arguments: ['/usr/bin/colcon', 'build', '--packages-select', 'ur_description', 'ur10e_moveit_config', '--allow-overriding', 'ur_description']
[0.065s] DEBUG:colcon:Parsed command line arguments: Namespace(log_base=None, log_level=None, verb_name='build', build_base='build', install_base='install', merge_install=False, symlink_install=False, test_result_base=None, continue_on_error=False, executor='parallel', parallel_workers=8, event_handlers=None, ignore_user_meta=False, metas=['./colcon.meta'], base_paths=['.'], packages_ignore=None, packages_ignore_regex=None, paths=None, packages_up_to=None, packages_up_to_regex=None, packages_above=None, packages_above_and_dependencies=None, packages_above_depth=None, packages_select_by_dep=None, packages_skip_by_dep=None, packages_skip_up_to=None, packages_select_build_failed=False, packages_skip_build_finished=False, packages_select_test_failures=False, packages_skip_test_passed=False, packages_select=['ur_description', 'ur10e_moveit_config'], packages_skip=None, packages_select_regex=None, packages_skip_regex=None, packages_start=None, packages_end=None, allow_overriding=['ur_description'], cmake_args=None, cmake_target=None, cmake_target_skip_unavailable=False, cmake_clean_cache=False, cmake_clean_first=False, cmake_force_configure=False, ament_cmake_args=None, catkin_cmake_args=None, catkin_skip_building_tests=False, mixin_files=None, mixin=None, verb_parser=<colcon_mixin.mixin.mixin_argument.MixinArgumentDecorator object at 0x7c5bf4619c30>, verb_extension=<colcon_core.verb.build.BuildVerb object at 0x7c5bf4722bf0>, main=<bound method BuildVerb.main of <colcon_core.verb.build.BuildVerb object at 0x7c5bf4722bf0>>, mixin_verb=('build',))
[0.164s] Level 1:colcon.colcon_core.package_discovery:discover_packages(colcon_meta) check parameters
[0.164s] Level 1:colcon.colcon_core.package_discovery:discover_packages(recursive) check parameters
[0.164s] Level 1:colcon.colcon_core.package_discovery:discover_packages(ignore) check parameters
[0.164s] Level 1:colcon.colcon_core.package_discovery:discover_packages(path) check parameters
[0.165s] Level 1:colcon.colcon_core.package_discovery:discover_packages(colcon_meta) discover
[0.165s] Level 1:colcon.colcon_core.package_discovery:discover_packages(recursive) discover
[0.165s] INFO:colcon.colcon_core.package_discovery:Crawling recursively for packages in '/home/eric/EricBerg/Chalmers/Kandidatarbete/ros2_ws'
[0.165s] Level 1:colcon.colcon_core.package_identification:_identify(.) by extensions ['ignore', 'ignore_ament_install']
[0.165s] Level 1:colcon.colcon_core.package_identification:_identify(.) by extension 'ignore'
[0.165s] Level 1:colcon.colcon_core.package_identification:_identify(.) by extension 'ignore_ament_install'
[0.165s] Level 1:colcon.colcon_core.package_identification:_identify(.) by extensions ['colcon_pkg']
[0.165s] Level 1:colcon.colcon_core.package_identification:_identify(.) by extension 'colcon_pkg'
[0.165s] Level 1:colcon.colcon_core.package_identification:_identify(.) by extensions ['colcon_meta']
[0.165s] Level 1:colcon.colcon_core.package_identification:_identify(.) by extension 'colcon_meta'
[0.165s] Level 1:colcon.colcon_core.package_identification:_identify(.) by extensions ['ros']
[0.165s] Level 1:colcon.colcon_core.package_identification:_identify(.) by extension 'ros'
[0.171s] Level 1:colcon.colcon_core.package_identification:_identify(.) by extensions ['cmake', 'python']
[0.172s] Level 1:colcon.colcon_core.package_identification:_identify(.) by extension 'cmake'
[0.172s] Level 1:colcon.colcon_core.package_identification:_identify(.) by extension 'python'
[0.172s] Level 1:colcon.colcon_core.package_identification:_identify(.) by extensions ['python_setup_py']
[0.172s] Level 1:colcon.colcon_core.package_identification:_identify(.) by extension 'python_setup_py'
[0.172s] Level 1:colcon.colcon_core.package_identification:_identify(build) by extensions ['ignore', 'ignore_ament_install']
[0.172s] Level 1:colcon.colcon_core.package_identification:_identify(build) by extension 'ignore'
[0.172s] Level 1:colcon.colcon_core.package_identification:_identify(build) ignored
[0.172s] Level 1:colcon.colcon_core.package_identification:_identify(install) by extensions ['ignore', 'ignore_ament_install']
[0.172s] Level 1:colcon.colcon_core.package_identification:_identify(install) by extension 'ignore'
[0.172s] Level 1:colcon.colcon_core.package_identification:_identify(install) ignored
[0.172s] Level 1:colcon.colcon_core.package_identification:_identify(log) by extensions ['ignore', 'ignore_ament_install']
[0.172s] Level 1:colcon.colcon_core.package_identification:_identify(log) by extension 'ignore'
[0.172s] Level 1:colcon.colcon_core.package_identification:_identify(log) ignored
[0.172s] Level 1:colcon.colcon_core.package_identification:_identify(src) by extensions ['ignore', 'ignore_ament_install']
[0.172s] Level 1:colcon.colcon_core.package_identification:_identify(src) by extension 'ignore'
[0.172s] Level 1:colcon.colcon_core.package_identification:_identify(src) by extension 'ignore_ament_install'
[0.172s] Level 1:colcon.colcon_core.package_identification:_identify(src) by extensions ['colcon_pkg']
[0.172s] Level 1:colcon.colcon_core.package_identification:_identify(src) by extension 'colcon_pkg'
[0.172s] Level 1:colcon.colcon_core.package_identification:_identify(src) by extensions ['colcon_meta']
[0.172s] Level 1:colcon.colcon_core.package_identification:_identify(src) by extension 'colcon_meta'
[0.172s] Level 1:colcon.colcon_core.package_identification:_identify(src) by extensions ['ros']
[0.172s] Level 1:colcon.colcon_core.package_identification:_identify(src) by extension 'ros'
[0.172s] Level 1:colcon.colcon_core.package_identification:_identify(src) by extensions ['cmake', 'python']
[0.172s] Level 1:colcon.colcon_core.package_identification:_identify(src) by extension 'cmake'
[0.172s] Level 1:colcon.colcon_core.package_identification:_identify(src) by extension 'python'
[0.172s] Level 1:colcon.colcon_core.package_identification:_identify(src) by extensions ['python_setup_py']
[0.172s] Level 1:colcon.colcon_core.package_identification:_identify(src) by extension 'python_setup_py'
[0.172s] Level 1:colcon.colcon_core.package_identification:_identify(src/ur10e_moveit_config) by extensions ['ignore', 'ignore_ament_install']
[0.172s] Level 1:colcon.colcon_core.package_identification:_identify(src/ur10e_moveit_config) by extension 'ignore'
[0.172s] Level 1:colcon.colcon_core.package_identification:_identify(src/ur10e_moveit_config) by extension 'ignore_ament_install'
[0.173s] Level 1:colcon.colcon_core.package_identification:_identify(src/ur10e_moveit_config) by extensions ['colcon_pkg']
[0.173s] Level 1:colcon.colcon_core.package_identification:_identify(src/ur10e_moveit_config) by extension 'colcon_pkg'
[0.173s] Level 1:colcon.colcon_core.package_identification:_identify(src/ur10e_moveit_config) by extensions ['colcon_meta']
[0.173s] Level 1:colcon.colcon_core.package_identification:_identify(src/ur10e_moveit_config) by extension 'colcon_meta'
[0.173s] Level 1:colcon.colcon_core.package_identification:_identify(src/ur10e_moveit_config) by extensions ['ros']
[0.173s] Level 1:colcon.colcon_core.package_identification:_identify(src/ur10e_moveit_config) by extension 'ros'
[0.174s] DEBUG:colcon.colcon_core.package_identification:Package 'src/ur10e_moveit_config' with type 'ros.ament_cmake' and name 'ur10e_moveit_config'
[0.174s] Level 1:colcon.colcon_core.package_identification:_identify(src/ur_description) by extensions ['ignore', 'ignore_ament_install']
[0.174s] Level 1:colcon.colcon_core.package_identification:_identify(src/ur_description) by extension 'ignore'
[0.174s] Level 1:colcon.colcon_core.package_identification:_identify(src/ur_description) by extension 'ignore_ament_install'
[0.174s] Level 1:colcon.colcon_core.package_identification:_identify(src/ur_description) by extensions ['colcon_pkg']
[0.174s] Level 1:colcon.colcon_core.package_identification:_identify(src/ur_description) by extension 'colcon_pkg'
[0.174s] Level 1:colcon.colcon_core.package_identification:_identify(src/ur_description) by extensions ['colcon_meta']
[0.174s] Level 1:colcon.colcon_core.package_identification:_identify(src/ur_description) by extension 'colcon_meta'
[0.174s] Level 1:colcon.colcon_core.package_identification:_identify(src/ur_description) by extensions ['ros']
[0.174s] Level 1:colcon.colcon_core.package_identification:_identify(src/ur_description) by extension 'ros'
[0.175s] DEBUG:colcon.colcon_core.package_identification:Package 'src/ur_description' with type 'ros.ament_cmake' and name 'ur_description'
[0.175s] Level 1:colcon.colcon_core.package_discovery:discover_packages(recursive) using defaults
[0.175s] Level 1:colcon.colcon_core.package_discovery:discover_packages(ignore) discover
[0.175s] Level 1:colcon.colcon_core.package_discovery:discover_packages(ignore) using defaults
[0.175s] Level 1:colcon.colcon_core.package_discovery:discover_packages(path) discover
[0.175s] Level 1:colcon.colcon_core.package_discovery:discover_packages(path) using defaults
[0.196s] Level 1:colcon.colcon_core.package_discovery:discover_packages(prefix_path) check parameters
[0.196s] Level 1:colcon.colcon_core.package_discovery:discover_packages(prefix_path) discover
[0.197s] WARNING:colcon.colcon_core.prefix_path.colcon:The path '/home/eric/EricBerg/install' in the environment variable COLCON_PREFIX_PATH doesn't exist
[0.197s] DEBUG:colcon.colcon_installed_package_information.package_discovery:Found 1 installed packages in /home/eric/EricBerg/Chalmers/Kandidatarbete/ros2_ws/install
[0.198s] DEBUG:colcon.colcon_installed_package_information.package_discovery:Found 381 installed packages in /opt/ros/humble
[0.199s] Level 1:colcon.colcon_core.package_discovery:discover_packages(prefix_path) using defaults
[0.227s] Level 5:colcon.colcon_core.verb:set package 'ur_description' build argument 'cmake_args' from command line to 'None'
[0.227s] Level 5:colcon.colcon_core.verb:set package 'ur_description' build argument 'cmake_target' from command line to 'None'
[0.227s] Level 5:colcon.colcon_core.verb:set package 'ur_description' build argument 'cmake_target_skip_unavailable' from command line to 'False'
[0.227s] Level 5:colcon.colcon_core.verb:set package 'ur_description' build argument 'cmake_clean_cache' from command line to 'False'
[0.227s] Level 5:colcon.colcon_core.verb:set package 'ur_description' build argument 'cmake_clean_first' from command line to 'False'
[0.227s] Level 5:colcon.colcon_core.verb:set package 'ur_description' build argument 'cmake_force_configure' from command line to 'False'
[0.227s] Level 5:colcon.colcon_core.verb:set package 'ur_description' build argument 'ament_cmake_args' from command line to 'None'
[0.227s] Level 5:colcon.colcon_core.verb:set package 'ur_description' build argument 'catkin_cmake_args' from command line to 'None'
[0.227s] Level 5:colcon.colcon_core.verb:set package 'ur_description' build argument 'catkin_skip_building_tests' from command line to 'False'
[0.227s] DEBUG:colcon.colcon_core.verb:Building package 'ur_description' with the following arguments: {'ament_cmake_args': None, 'build_base': '/home/eric/EricBerg/Chalmers/Kandidatarbete/ros2_ws/build/ur_description', 'catkin_cmake_args': None, 'catkin_skip_building_tests': False, 'cmake_args': None, 'cmake_clean_cache': False, 'cmake_clean_first': False, 'cmake_force_configure': False, 'cmake_target': None, 'cmake_target_skip_unavailable': False, 'install_base': '/home/eric/EricBerg/Chalmers/Kandidatarbete/ros2_ws/install/ur_description', 'merge_install': False, 'path': '/home/eric/EricBerg/Chalmers/Kandidatarbete/ros2_ws/src/ur_description', 'symlink_install': False, 'test_result_base': None}
[0.227s] Level 5:colcon.colcon_core.verb:set package 'ur10e_moveit_config' build argument 'cmake_args' from command line to 'None'
[0.227s] Level 5:colcon.colcon_core.verb:set package 'ur10e_moveit_config' build argument 'cmake_target' from command line to 'None'
[0.227s] Level 5:colcon.colcon_core.verb:set package 'ur10e_moveit_config' build argument 'cmake_target_skip_unavailable' from command line to 'False'
[0.227s] Level 5:colcon.colcon_core.verb:set package 'ur10e_moveit_config' build argument 'cmake_clean_cache' from command line to 'False'
[0.227s] Level 5:colcon.colcon_core.verb:set package 'ur10e_moveit_config' build argument 'cmake_clean_first' from command line to 'False'
[0.227s] Level 5:colcon.colcon_core.verb:set package 'ur10e_moveit_config' build argument 'cmake_force_configure' from command line to 'False'
[0.227s] Level 5:colcon.colcon_core.verb:set package 'ur10e_moveit_config' build argument 'ament_cmake_args' from command line to 'None'
[0.227s] Level 5:colcon.colcon_core.verb:set package 'ur10e_moveit_config' build argument 'catkin_cmake_args' from command line to 'None'
[0.227s] Level 5:colcon.colcon_core.verb:set package 'ur10e_moveit_config' build argument 'catkin_skip_building_tests' from command line to 'False'
[0.227s] DEBUG:colcon.colcon_core.verb:Building package 'ur10e_moveit_config' with the following arguments: {'ament_cmake_args': None, 'build_base': '/home/eric/EricBerg/Chalmers/Kandidatarbete/ros2_ws/build/ur10e_moveit_config', 'catkin_cmake_args': None, 'catkin_skip_building_tests': False, 'cmake_args': None, 'cmake_clean_cache': False, 'cmake_clean_first': False, 'cmake_force_configure': False, 'cmake_target': None, 'cmake_target_skip_unavailable': False, 'install_base': '/home/eric/EricBerg/Chalmers/Kandidatarbete/ros2_ws/install/ur10e_moveit_config', 'merge_install': False, 'path': '/home/eric/EricBerg/Chalmers/Kandidatarbete/ros2_ws/src/ur10e_moveit_config', 'symlink_install': False, 'test_result_base': None}
[0.227s] INFO:colcon.colcon_core.executor:Executing jobs using 'parallel' executor
[0.228s] DEBUG:colcon.colcon_parallel_executor.executor.parallel:run_until_complete
[0.228s] INFO:colcon.colcon_ros.task.ament_cmake.build:Building ROS package in '/home/eric/EricBerg/Chalmers/Kandidatarbete/ros2_ws/src/ur_description' with build type 'ament_cmake'
[0.228s] INFO:colcon.colcon_cmake.task.cmake.build:Building CMake package in '/home/eric/EricBerg/Chalmers/Kandidatarbete/ros2_ws/src/ur_description'
[0.230s] INFO:colcon.colcon_core.plugin_system:Skipping extension 'colcon_core.shell.bat': Not used on non-Windows systems
[0.230s] INFO:colcon.colcon_core.shell:Skip shell extension 'powershell' for command environment: Not usable outside of PowerShell
[0.230s] DEBUG:colcon.colcon_core.shell:Skip shell extension 'dsv' for command environment
[0.237s] DEBUG:colcon.colcon_core.event_handler.log_command:Invoking command in '/home/eric/EricBerg/Chalmers/Kandidatarbete/ros2_ws/build/ur_description': CMAKE_PREFIX_PATH=${CMAKE_PREFIX_PATH}:/opt/ros/humble /usr/bin/cmake --build /home/eric/EricBerg/Chalmers/Kandidatarbete/ros2_ws/build/ur_description -- -j8 -l8
[0.260s] DEBUG:colcon.colcon_core.event_handler.log_command:Invoked command in '/home/eric/EricBerg/Chalmers/Kandidatarbete/ros2_ws/build/ur_description' returned '0': CMAKE_PREFIX_PATH=${CMAKE_PREFIX_PATH}:/opt/ros/humble /usr/bin/cmake --build /home/eric/EricBerg/Chalmers/Kandidatarbete/ros2_ws/build/ur_description -- -j8 -l8
[0.266s] DEBUG:colcon.colcon_core.event_handler.log_command:Invoking command in '/home/eric/EricBerg/Chalmers/Kandidatarbete/ros2_ws/build/ur_description': CMAKE_PREFIX_PATH=${CMAKE_PREFIX_PATH}:/opt/ros/humble /usr/bin/cmake --install /home/eric/EricBerg/Chalmers/Kandidatarbete/ros2_ws/build/ur_description
[0.273s] Level 1:colcon.colcon_core.environment:create_environment_scripts_only(ur_description)
[0.274s] DEBUG:colcon.colcon_core.event_handler.log_command:Invoked command in '/home/eric/EricBerg/Chalmers/Kandidatarbete/ros2_ws/build/ur_description' returned '0': CMAKE_PREFIX_PATH=${CMAKE_PREFIX_PATH}:/opt/ros/humble /usr/bin/cmake --install /home/eric/EricBerg/Chalmers/Kandidatarbete/ros2_ws/build/ur_description
[0.275s] Level 1:colcon.colcon_core.environment:checking '/home/eric/EricBerg/Chalmers/Kandidatarbete/ros2_ws/install/ur_description' for CMake module files
[0.275s] Level 1:colcon.colcon_core.environment:checking '/home/eric/EricBerg/Chalmers/Kandidatarbete/ros2_ws/install/ur_description' for CMake config files
[0.276s] Level 1:colcon.colcon_core.shell:create_environment_hook('ur_description', 'cmake_prefix_path')
[0.276s] INFO:colcon.colcon_core.shell:Creating environment hook '/home/eric/EricBerg/Chalmers/Kandidatarbete/ros2_ws/install/ur_description/share/ur_description/hook/cmake_prefix_path.ps1'
[0.276s] INFO:colcon.colcon_core.shell:Creating environment descriptor '/home/eric/EricBerg/Chalmers/Kandidatarbete/ros2_ws/install/ur_description/share/ur_description/hook/cmake_prefix_path.dsv'
[0.277s] INFO:colcon.colcon_core.shell:Creating environment hook '/home/eric/EricBerg/Chalmers/Kandidatarbete/ros2_ws/install/ur_description/share/ur_description/hook/cmake_prefix_path.sh'
[0.277s] Level 1:colcon.colcon_core.environment:checking '/home/eric/EricBerg/Chalmers/Kandidatarbete/ros2_ws/install/ur_description/bin'
[0.277s] Level 1:colcon.colcon_core.environment:checking '/home/eric/EricBerg/Chalmers/Kandidatarbete/ros2_ws/install/ur_description/lib/pkgconfig/ur_description.pc'
[0.277s] Level 1:colcon.colcon_core.environment:checking '/home/eric/EricBerg/Chalmers/Kandidatarbete/ros2_ws/install/ur_description/lib/python3.10/site-packages'
[0.278s] Level 1:colcon.colcon_core.environment:checking '/home/eric/EricBerg/Chalmers/Kandidatarbete/ros2_ws/install/ur_description/bin'
[0.278s] INFO:colcon.colcon_core.shell:Creating package script '/home/eric/EricBerg/Chalmers/Kandidatarbete/ros2_ws/install/ur_description/share/ur_description/package.ps1'
[0.278s] INFO:colcon.colcon_core.shell:Creating package descriptor '/home/eric/EricBerg/Chalmers/Kandidatarbete/ros2_ws/install/ur_description/share/ur_description/package.dsv'
[0.279s] INFO:colcon.colcon_core.shell:Creating package script '/home/eric/EricBerg/Chalmers/Kandidatarbete/ros2_ws/install/ur_description/share/ur_description/package.sh'
[0.279s] INFO:colcon.colcon_core.shell:Creating package script '/home/eric/EricBerg/Chalmers/Kandidatarbete/ros2_ws/install/ur_description/share/ur_description/package.bash'
[0.279s] INFO:colcon.colcon_core.shell:Creating package script '/home/eric/EricBerg/Chalmers/Kandidatarbete/ros2_ws/install/ur_description/share/ur_description/package.zsh'
[0.280s] Level 1:colcon.colcon_core.environment:create_file_with_runtime_dependencies(/home/eric/EricBerg/Chalmers/Kandidatarbete/ros2_ws/install/ur_description/share/colcon-core/packages/ur_description)
[0.280s] Level 1:colcon.colcon_core.environment:create_environment_scripts_only(ur_description)
[0.280s] Level 1:colcon.colcon_core.environment:checking '/home/eric/EricBerg/Chalmers/Kandidatarbete/ros2_ws/install/ur_description' for CMake module files
[0.280s] Level 1:colcon.colcon_core.environment:checking '/home/eric/EricBerg/Chalmers/Kandidatarbete/ros2_ws/install/ur_description' for CMake config files
[0.281s] Level 1:colcon.colcon_core.shell:create_environment_hook('ur_description', 'cmake_prefix_path')
[0.281s] INFO:colcon.colcon_core.shell:Creating environment hook '/home/eric/EricBerg/Chalmers/Kandidatarbete/ros2_ws/install/ur_description/share/ur_description/hook/cmake_prefix_path.ps1'
[0.281s] INFO:colcon.colcon_core.shell:Creating environment descriptor '/home/eric/EricBerg/Chalmers/Kandidatarbete/ros2_ws/install/ur_description/share/ur_description/hook/cmake_prefix_path.dsv'
[0.281s] INFO:colcon.colcon_core.shell:Creating environment hook '/home/eric/EricBerg/Chalmers/Kandidatarbete/ros2_ws/install/ur_description/share/ur_description/hook/cmake_prefix_path.sh'
[0.281s] Level 1:colcon.colcon_core.environment:checking '/home/eric/EricBerg/Chalmers/Kandidatarbete/ros2_ws/install/ur_description/bin'
[0.282s] Level 1:colcon.colcon_core.environment:checking '/home/eric/EricBerg/Chalmers/Kandidatarbete/ros2_ws/install/ur_description/lib/pkgconfig/ur_description.pc'
[0.282s] Level 1:colcon.colcon_core.environment:checking '/home/eric/EricBerg/Chalmers/Kandidatarbete/ros2_ws/install/ur_description/lib/python3.10/site-packages'
[0.282s] Level 1:colcon.colcon_core.environment:checking '/home/eric/EricBerg/Chalmers/Kandidatarbete/ros2_ws/install/ur_description/bin'
[0.282s] INFO:colcon.colcon_core.shell:Creating package script '/home/eric/EricBerg/Chalmers/Kandidatarbete/ros2_ws/install/ur_description/share/ur_description/package.ps1'
[0.282s] INFO:colcon.colcon_core.shell:Creating package descriptor '/home/eric/EricBerg/Chalmers/Kandidatarbete/ros2_ws/install/ur_description/share/ur_description/package.dsv'
[0.283s] INFO:colcon.colcon_core.shell:Creating package script '/home/eric/EricBerg/Chalmers/Kandidatarbete/ros2_ws/install/ur_description/share/ur_description/package.sh'
[0.283s] INFO:colcon.colcon_core.shell:Creating package script '/home/eric/EricBerg/Chalmers/Kandidatarbete/ros2_ws/install/ur_description/share/ur_description/package.bash'
[0.283s] INFO:colcon.colcon_core.shell:Creating package script '/home/eric/EricBerg/Chalmers/Kandidatarbete/ros2_ws/install/ur_description/share/ur_description/package.zsh'
[0.283s] Level 1:colcon.colcon_core.environment:create_file_with_runtime_dependencies(/home/eric/EricBerg/Chalmers/Kandidatarbete/ros2_ws/install/ur_description/share/colcon-core/packages/ur_description)
[0.284s] INFO:colcon.colcon_ros.task.ament_cmake.build:Building ROS package in '/home/eric/EricBerg/Chalmers/Kandidatarbete/ros2_ws/src/ur10e_moveit_config' with build type 'ament_cmake'
[0.284s] INFO:colcon.colcon_cmake.task.cmake.build:Building CMake package in '/home/eric/EricBerg/Chalmers/Kandidatarbete/ros2_ws/src/ur10e_moveit_config'
[0.284s] INFO:colcon.colcon_core.shell:Skip shell extension 'powershell' for command environment: Not usable outside of PowerShell
[0.284s] DEBUG:colcon.colcon_core.shell:Skip shell extension 'dsv' for command environment
[0.289s] DEBUG:colcon.colcon_core.event_handler.log_command:Invoking command in '/home/eric/EricBerg/Chalmers/Kandidatarbete/ros2_ws/build/ur10e_moveit_config': CMAKE_PREFIX_PATH=${CMAKE_PREFIX_PATH}:/opt/ros/humble /usr/bin/cmake /home/eric/EricBerg/Chalmers/Kandidatarbete/ros2_ws/src/ur10e_moveit_config -DCMAKE_INSTALL_PREFIX=/home/eric/EricBerg/Chalmers/Kandidatarbete/ros2_ws/install/ur10e_moveit_config
[0.682s] DEBUG:colcon.colcon_core.event_handler.log_command:Invoked command in '/home/eric/EricBerg/Chalmers/Kandidatarbete/ros2_ws/build/ur10e_moveit_config' returned '0': CMAKE_PREFIX_PATH=${CMAKE_PREFIX_PATH}:/opt/ros/humble /usr/bin/cmake /home/eric/EricBerg/Chalmers/Kandidatarbete/ros2_ws/src/ur10e_moveit_config -DCMAKE_INSTALL_PREFIX=/home/eric/EricBerg/Chalmers/Kandidatarbete/ros2_ws/install/ur10e_moveit_config
[0.683s] DEBUG:colcon.colcon_core.event_handler.log_command:Invoking command in '/home/eric/EricBerg/Chalmers/Kandidatarbete/ros2_ws/build/ur10e_moveit_config': CMAKE_PREFIX_PATH=${CMAKE_PREFIX_PATH}:/opt/ros/humble /usr/bin/cmake --build /home/eric/EricBerg/Chalmers/Kandidatarbete/ros2_ws/build/ur10e_moveit_config -- -j8 -l8
[0.709s] DEBUG:colcon.colcon_core.event_handler.log_command:Invoked command in '/home/eric/EricBerg/Chalmers/Kandidatarbete/ros2_ws/build/ur10e_moveit_config' returned '0': CMAKE_PREFIX_PATH=${CMAKE_PREFIX_PATH}:/opt/ros/humble /usr/bin/cmake --build /home/eric/EricBerg/Chalmers/Kandidatarbete/ros2_ws/build/ur10e_moveit_config -- -j8 -l8
[0.710s] DEBUG:colcon.colcon_core.event_handler.log_command:Invoking command in '/home/eric/EricBerg/Chalmers/Kandidatarbete/ros2_ws/build/ur10e_moveit_config': CMAKE_PREFIX_PATH=${CMAKE_PREFIX_PATH}:/opt/ros/humble /usr/bin/cmake --install /home/eric/EricBerg/Chalmers/Kandidatarbete/ros2_ws/build/ur10e_moveit_config
[0.718s] Level 1:colcon.colcon_core.environment:create_environment_scripts_only(ur10e_moveit_config)
[0.719s] DEBUG:colcon.colcon_core.event_handler.log_command:Invoked command in '/home/eric/EricBerg/Chalmers/Kandidatarbete/ros2_ws/build/ur10e_moveit_config' returned '0': CMAKE_PREFIX_PATH=${CMAKE_PREFIX_PATH}:/opt/ros/humble /usr/bin/cmake --install /home/eric/EricBerg/Chalmers/Kandidatarbete/ros2_ws/build/ur10e_moveit_config
[0.719s] Level 1:colcon.colcon_core.environment:checking '/home/eric/EricBerg/Chalmers/Kandidatarbete/ros2_ws/install/ur10e_moveit_config' for CMake module files
[0.719s] Level 1:colcon.colcon_core.environment:checking '/home/eric/EricBerg/Chalmers/Kandidatarbete/ros2_ws/install/ur10e_moveit_config' for CMake config files
[0.719s] Level 1:colcon.colcon_core.shell:create_environment_hook('ur10e_moveit_config', 'cmake_prefix_path')
[0.720s] INFO:colcon.colcon_core.shell:Creating environment hook '/home/eric/EricBerg/Chalmers/Kandidatarbete/ros2_ws/install/ur10e_moveit_config/share/ur10e_moveit_config/hook/cmake_prefix_path.ps1'
[0.720s] INFO:colcon.colcon_core.shell:Creating environment descriptor '/home/eric/EricBerg/Chalmers/Kandidatarbete/ros2_ws/install/ur10e_moveit_config/share/ur10e_moveit_config/hook/cmake_prefix_path.dsv'
[0.720s] INFO:colcon.colcon_core.shell:Creating environment hook '/home/eric/EricBerg/Chalmers/Kandidatarbete/ros2_ws/install/ur10e_moveit_config/share/ur10e_moveit_config/hook/cmake_prefix_path.sh'
[0.720s] Level 1:colcon.colcon_core.environment:checking '/home/eric/EricBerg/Chalmers/Kandidatarbete/ros2_ws/install/ur10e_moveit_config/bin'
[0.720s] Level 1:colcon.colcon_core.environment:checking '/home/eric/EricBerg/Chalmers/Kandidatarbete/ros2_ws/install/ur10e_moveit_config/lib/pkgconfig/ur10e_moveit_config.pc'
[0.721s] Level 1:colcon.colcon_core.environment:checking '/home/eric/EricBerg/Chalmers/Kandidatarbete/ros2_ws/install/ur10e_moveit_config/lib/python3.10/site-packages'
[0.721s] Level 1:colcon.colcon_core.environment:checking '/home/eric/EricBerg/Chalmers/Kandidatarbete/ros2_ws/install/ur10e_moveit_config/bin'
[0.721s] INFO:colcon.colcon_core.shell:Creating package script '/home/eric/EricBerg/Chalmers/Kandidatarbete/ros2_ws/install/ur10e_moveit_config/share/ur10e_moveit_config/package.ps1'
[0.721s] INFO:colcon.colcon_core.shell:Creating package descriptor '/home/eric/EricBerg/Chalmers/Kandidatarbete/ros2_ws/install/ur10e_moveit_config/share/ur10e_moveit_config/package.dsv'
[0.722s] INFO:colcon.colcon_core.shell:Creating package script '/home/eric/EricBerg/Chalmers/Kandidatarbete/ros2_ws/install/ur10e_moveit_config/share/ur10e_moveit_config/package.sh'
[0.722s] INFO:colcon.colcon_core.shell:Creating package script '/home/eric/EricBerg/Chalmers/Kandidatarbete/ros2_ws/install/ur10e_moveit_config/share/ur10e_moveit_config/package.bash'
[0.722s] INFO:colcon.colcon_core.shell:Creating package script '/home/eric/EricBerg/Chalmers/Kandidatarbete/ros2_ws/install/ur10e_moveit_config/share/ur10e_moveit_config/package.zsh'
[0.722s] Level 1:colcon.colcon_core.environment:create_file_with_runtime_dependencies(/home/eric/EricBerg/Chalmers/Kandidatarbete/ros2_ws/install/ur10e_moveit_config/share/colcon-core/packages/ur10e_moveit_config)
[0.723s] Level 1:colcon.colcon_core.environment:create_environment_scripts_only(ur10e_moveit_config)
[0.723s] Level 1:colcon.colcon_core.environment:checking '/home/eric/EricBerg/Chalmers/Kandidatarbete/ros2_ws/install/ur10e_moveit_config' for CMake module files
[0.723s] Level 1:colcon.colcon_core.environment:checking '/home/eric/EricBerg/Chalmers/Kandidatarbete/ros2_ws/install/ur10e_moveit_config' for CMake config files
[0.723s] Level 1:colcon.colcon_core.shell:create_environment_hook('ur10e_moveit_config', 'cmake_prefix_path')
[0.724s] INFO:colcon.colcon_core.shell:Creating environment hook '/home/eric/EricBerg/Chalmers/Kandidatarbete/ros2_ws/install/ur10e_moveit_config/share/ur10e_moveit_config/hook/cmake_prefix_path.ps1'
[0.724s] INFO:colcon.colcon_core.shell:Creating environment descriptor '/home/eric/EricBerg/Chalmers/Kandidatarbete/ros2_ws/install/ur10e_moveit_config/share/ur10e_moveit_config/hook/cmake_prefix_path.dsv'
[0.724s] INFO:colcon.colcon_core.shell:Creating environment hook '/home/eric/EricBerg/Chalmers/Kandidatarbete/ros2_ws/install/ur10e_moveit_config/share/ur10e_moveit_config/hook/cmake_prefix_path.sh'
[0.725s] Level 1:colcon.colcon_core.environment:checking '/home/eric/EricBerg/Chalmers/Kandidatarbete/ros2_ws/install/ur10e_moveit_config/bin'
[0.725s] Level 1:colcon.colcon_core.environment:checking '/home/eric/EricBerg/Chalmers/Kandidatarbete/ros2_ws/install/ur10e_moveit_config/lib/pkgconfig/ur10e_moveit_config.pc'
[0.725s] Level 1:colcon.colcon_core.environment:checking '/home/eric/EricBerg/Chalmers/Kandidatarbete/ros2_ws/install/ur10e_moveit_config/lib/python3.10/site-packages'
[0.725s] Level 1:colcon.colcon_core.environment:checking '/home/eric/EricBerg/Chalmers/Kandidatarbete/ros2_ws/install/ur10e_moveit_config/bin'
[0.725s] INFO:colcon.colcon_core.shell:Creating package script '/home/eric/EricBerg/Chalmers/Kandidatarbete/ros2_ws/install/ur10e_moveit_config/share/ur10e_moveit_config/package.ps1'
[0.726s] INFO:colcon.colcon_core.shell:Creating package descriptor '/home/eric/EricBerg/Chalmers/Kandidatarbete/ros2_ws/install/ur10e_moveit_config/share/ur10e_moveit_config/package.dsv'
[0.726s] INFO:colcon.colcon_core.shell:Creating package script '/home/eric/EricBerg/Chalmers/Kandidatarbete/ros2_ws/install/ur10e_moveit_config/share/ur10e_moveit_config/package.sh'
[0.726s] INFO:colcon.colcon_core.shell:Creating package script '/home/eric/EricBerg/Chalmers/Kandidatarbete/ros2_ws/install/ur10e_moveit_config/share/ur10e_moveit_config/package.bash'
[0.727s] INFO:colcon.colcon_core.shell:Creating package script '/home/eric/EricBerg/Chalmers/Kandidatarbete/ros2_ws/install/ur10e_moveit_config/share/ur10e_moveit_config/package.zsh'
[0.727s] Level 1:colcon.colcon_core.environment:create_file_with_runtime_dependencies(/home/eric/EricBerg/Chalmers/Kandidatarbete/ros2_ws/install/ur10e_moveit_config/share/colcon-core/packages/ur10e_moveit_config)
[0.727s] DEBUG:colcon.colcon_parallel_executor.executor.parallel:closing loop
[0.727s] DEBUG:colcon.colcon_parallel_executor.executor.parallel:loop closed
[0.727s] DEBUG:colcon.colcon_parallel_executor.executor.parallel:run_until_complete finished with '0'
[0.727s] DEBUG:colcon.colcon_core.event_reactor:joining thread
[0.731s] INFO:colcon.colcon_core.plugin_system:Skipping extension 'colcon_notification.desktop_notification.terminal_notifier': Not used on non-Darwin systems
[0.731s] INFO:colcon.colcon_core.plugin_system:Skipping extension 'colcon_notification.desktop_notification.win32': Not used on non-Windows systems
[0.731s] INFO:colcon.colcon_notification.desktop_notification:Sending desktop notification using 'notify2'
[0.739s] DEBUG:colcon.colcon_core.event_reactor:joined thread
[0.740s] INFO:colcon.colcon_core.shell:Creating prefix script '/home/eric/EricBerg/Chalmers/Kandidatarbete/ros2_ws/install/local_setup.ps1'
[0.741s] INFO:colcon.colcon_core.shell:Creating prefix util module '/home/eric/EricBerg/Chalmers/Kandidatarbete/ros2_ws/install/_local_setup_util_ps1.py'
[0.742s] INFO:colcon.colcon_core.shell:Creating prefix chain script '/home/eric/EricBerg/Chalmers/Kandidatarbete/ros2_ws/install/setup.ps1'
[0.743s] INFO:colcon.colcon_core.shell:Creating prefix script '/home/eric/EricBerg/Chalmers/Kandidatarbete/ros2_ws/install/local_setup.sh'
[0.743s] INFO:colcon.colcon_core.shell:Creating prefix util module '/home/eric/EricBerg/Chalmers/Kandidatarbete/ros2_ws/install/_local_setup_util_sh.py'
[0.744s] INFO:colcon.colcon_core.shell:Creating prefix chain script '/home/eric/EricBerg/Chalmers/Kandidatarbete/ros2_ws/install/setup.sh'
[0.745s] INFO:colcon.colcon_core.shell:Creating prefix script '/home/eric/EricBerg/Chalmers/Kandidatarbete/ros2_ws/install/local_setup.bash'
[0.745s] INFO:colcon.colcon_core.shell:Creating prefix chain script '/home/eric/EricBerg/Chalmers/Kandidatarbete/ros2_ws/install/setup.bash'
[0.746s] INFO:colcon.colcon_core.shell:Creating prefix script '/home/eric/EricBerg/Chalmers/Kandidatarbete/ros2_ws/install/local_setup.zsh'
[0.746s] INFO:colcon.colcon_core.shell:Creating prefix chain script '/home/eric/EricBerg/Chalmers/Kandidatarbete/ros2_ws/install/setup.zsh'
