[0.097s] DEBUG:colcon:Command line arguments: ['/usr/bin/colcon', 'build', '--packages-select', 'ur10e_unity_bridge', 'ur10e_moveit_config', 'ur_description', '--allow-overriding', 'ur_description']
[0.097s] DEBUG:colcon:Parsed command line arguments: Namespace(log_base=None, log_level=None, verb_name='build', build_base='build', install_base='install', merge_install=False, symlink_install=False, test_result_base=None, continue_on_error=False, executor='parallel', parallel_workers=8, event_handlers=None, ignore_user_meta=False, metas=['./colcon.meta'], base_paths=['.'], packages_ignore=None, packages_ignore_regex=None, paths=None, packages_up_to=None, packages_up_to_regex=None, packages_above=None, packages_above_and_dependencies=None, packages_above_depth=None, packages_select_by_dep=None, packages_skip_by_dep=None, packages_skip_up_to=None, packages_select_build_failed=False, packages_skip_build_finished=False, packages_select_test_failures=False, packages_skip_test_passed=False, packages_select=['ur10e_unity_bridge', 'ur10e_moveit_config', 'ur_description'], packages_skip=None, packages_select_regex=None, packages_skip_regex=None, packages_start=None, packages_end=None, allow_overriding=['ur_description'], cmake_args=None, cmake_target=None, cmake_target_skip_unavailable=False, cmake_clean_cache=False, cmake_clean_first=False, cmake_force_configure=False, ament_cmake_args=None, catkin_cmake_args=None, catkin_skip_building_tests=False, mixin_files=None, mixin=None, verb_parser=<colcon_mixin.mixin.mixin_argument.MixinArgumentDecorator object at 0x76a030551fc0>, verb_extension=<colcon_core.verb.build.BuildVerb object at 0x76a030676f80>, main=<bound method BuildVerb.main of <colcon_core.verb.build.BuildVerb object at 0x76a030676f80>>, mixin_verb=('build',))
[0.246s] Level 1:colcon.colcon_core.package_discovery:discover_packages(colcon_meta) check parameters
[0.246s] Level 1:colcon.colcon_core.package_discovery:discover_packages(recursive) check parameters
[0.246s] Level 1:colcon.colcon_core.package_discovery:discover_packages(ignore) check parameters
[0.246s] Level 1:colcon.colcon_core.package_discovery:discover_packages(path) check parameters
[0.246s] Level 1:colcon.colcon_core.package_discovery:discover_packages(colcon_meta) discover
[0.247s] Level 1:colcon.colcon_core.package_discovery:discover_packages(recursive) discover
[0.247s] INFO:colcon.colcon_core.package_discovery:Crawling recursively for packages in '/home/eric/EricBerg/Chalmers/Kandidatarbete/ros2_ws'
[0.247s] Level 1:colcon.colcon_core.package_identification:_identify(.) by extensions ['ignore', 'ignore_ament_install']
[0.247s] Level 1:colcon.colcon_core.package_identification:_identify(.) by extension 'ignore'
[0.247s] Level 1:colcon.colcon_core.package_identification:_identify(.) by extension 'ignore_ament_install'
[0.247s] Level 1:colcon.colcon_core.package_identification:_identify(.) by extensions ['colcon_pkg']
[0.247s] Level 1:colcon.colcon_core.package_identification:_identify(.) by extension 'colcon_pkg'
[0.247s] Level 1:colcon.colcon_core.package_identification:_identify(.) by extensions ['colcon_meta']
[0.247s] Level 1:colcon.colcon_core.package_identification:_identify(.) by extension 'colcon_meta'
[0.247s] Level 1:colcon.colcon_core.package_identification:_identify(.) by extensions ['ros']
[0.247s] Level 1:colcon.colcon_core.package_identification:_identify(.) by extension 'ros'
[0.257s] Level 1:colcon.colcon_core.package_identification:_identify(.) by extensions ['cmake', 'python']
[0.257s] Level 1:colcon.colcon_core.package_identification:_identify(.) by extension 'cmake'
[0.257s] Level 1:colcon.colcon_core.package_identification:_identify(.) by extension 'python'
[0.257s] Level 1:colcon.colcon_core.package_identification:_identify(.) by extensions ['python_setup_py']
[0.257s] Level 1:colcon.colcon_core.package_identification:_identify(.) by extension 'python_setup_py'
[0.257s] Level 1:colcon.colcon_core.package_identification:_identify(build) by extensions ['ignore', 'ignore_ament_install']
[0.257s] Level 1:colcon.colcon_core.package_identification:_identify(build) by extension 'ignore'
[0.257s] Level 1:colcon.colcon_core.package_identification:_identify(build) ignored
[0.257s] Level 1:colcon.colcon_core.package_identification:_identify(install) by extensions ['ignore', 'ignore_ament_install']
[0.257s] Level 1:colcon.colcon_core.package_identification:_identify(install) by extension 'ignore'
[0.257s] Level 1:colcon.colcon_core.package_identification:_identify(install) ignored
[0.257s] Level 1:colcon.colcon_core.package_identification:_identify(log) by extensions ['ignore', 'ignore_ament_install']
[0.257s] Level 1:colcon.colcon_core.package_identification:_identify(log) by extension 'ignore'
[0.258s] Level 1:colcon.colcon_core.package_identification:_identify(log) ignored
[0.258s] Level 1:colcon.colcon_core.package_identification:_identify(src) by extensions ['ignore', 'ignore_ament_install']
[0.258s] Level 1:colcon.colcon_core.package_identification:_identify(src) by extension 'ignore'
[0.258s] Level 1:colcon.colcon_core.package_identification:_identify(src) by extension 'ignore_ament_install'
[0.258s] Level 1:colcon.colcon_core.package_identification:_identify(src) by extensions ['colcon_pkg']
[0.258s] Level 1:colcon.colcon_core.package_identification:_identify(src) by extension 'colcon_pkg'
[0.258s] Level 1:colcon.colcon_core.package_identification:_identify(src) by extensions ['colcon_meta']
[0.258s] Level 1:colcon.colcon_core.package_identification:_identify(src) by extension 'colcon_meta'
[0.258s] Level 1:colcon.colcon_core.package_identification:_identify(src) by extensions ['ros']
[0.258s] Level 1:colcon.colcon_core.package_identification:_identify(src) by extension 'ros'
[0.258s] Level 1:colcon.colcon_core.package_identification:_identify(src) by extensions ['cmake', 'python']
[0.258s] Level 1:colcon.colcon_core.package_identification:_identify(src) by extension 'cmake'
[0.258s] Level 1:colcon.colcon_core.package_identification:_identify(src) by extension 'python'
[0.258s] Level 1:colcon.colcon_core.package_identification:_identify(src) by extensions ['python_setup_py']
[0.258s] Level 1:colcon.colcon_core.package_identification:_identify(src) by extension 'python_setup_py'
[0.258s] Level 1:colcon.colcon_core.package_identification:_identify(src/ur10e_moveit_config) by extensions ['ignore', 'ignore_ament_install']
[0.258s] Level 1:colcon.colcon_core.package_identification:_identify(src/ur10e_moveit_config) by extension 'ignore'
[0.258s] Level 1:colcon.colcon_core.package_identification:_identify(src/ur10e_moveit_config) by extension 'ignore_ament_install'
[0.258s] Level 1:colcon.colcon_core.package_identification:_identify(src/ur10e_moveit_config) by extensions ['colcon_pkg']
[0.258s] Level 1:colcon.colcon_core.package_identification:_identify(src/ur10e_moveit_config) by extension 'colcon_pkg'
[0.258s] Level 1:colcon.colcon_core.package_identification:_identify(src/ur10e_moveit_config) by extensions ['colcon_meta']
[0.258s] Level 1:colcon.colcon_core.package_identification:_identify(src/ur10e_moveit_config) by extension 'colcon_meta'
[0.258s] Level 1:colcon.colcon_core.package_identification:_identify(src/ur10e_moveit_config) by extensions ['ros']
[0.258s] Level 1:colcon.colcon_core.package_identification:_identify(src/ur10e_moveit_config) by extension 'ros'
[0.261s] DEBUG:colcon.colcon_core.package_identification:Package 'src/ur10e_moveit_config' with type 'ros.ament_cmake' and name 'ur10e_moveit_config'
[0.261s] Level 1:colcon.colcon_core.package_identification:_identify(src/ur10e_unity_bridge) by extensions ['ignore', 'ignore_ament_install']
[0.261s] Level 1:colcon.colcon_core.package_identification:_identify(src/ur10e_unity_bridge) by extension 'ignore'
[0.261s] Level 1:colcon.colcon_core.package_identification:_identify(src/ur10e_unity_bridge) by extension 'ignore_ament_install'
[0.261s] Level 1:colcon.colcon_core.package_identification:_identify(src/ur10e_unity_bridge) by extensions ['colcon_pkg']
[0.261s] Level 1:colcon.colcon_core.package_identification:_identify(src/ur10e_unity_bridge) by extension 'colcon_pkg'
[0.261s] Level 1:colcon.colcon_core.package_identification:_identify(src/ur10e_unity_bridge) by extensions ['colcon_meta']
[0.261s] Level 1:colcon.colcon_core.package_identification:_identify(src/ur10e_unity_bridge) by extension 'colcon_meta'
[0.261s] Level 1:colcon.colcon_core.package_identification:_identify(src/ur10e_unity_bridge) by extensions ['ros']
[0.261s] Level 1:colcon.colcon_core.package_identification:_identify(src/ur10e_unity_bridge) by extension 'ros'
[0.262s] DEBUG:colcon.colcon_core.package_identification:Package 'src/ur10e_unity_bridge' with type 'ros.ament_python' and name 'ur10e_unity_bridge'
[0.262s] Level 1:colcon.colcon_core.package_identification:_identify(src/ur_description) by extensions ['ignore', 'ignore_ament_install']
[0.262s] Level 1:colcon.colcon_core.package_identification:_identify(src/ur_description) by extension 'ignore'
[0.262s] Level 1:colcon.colcon_core.package_identification:_identify(src/ur_description) by extension 'ignore_ament_install'
[0.262s] Level 1:colcon.colcon_core.package_identification:_identify(src/ur_description) by extensions ['colcon_pkg']
[0.262s] Level 1:colcon.colcon_core.package_identification:_identify(src/ur_description) by extension 'colcon_pkg'
[0.262s] Level 1:colcon.colcon_core.package_identification:_identify(src/ur_description) by extensions ['colcon_meta']
[0.262s] Level 1:colcon.colcon_core.package_identification:_identify(src/ur_description) by extension 'colcon_meta'
[0.262s] Level 1:colcon.colcon_core.package_identification:_identify(src/ur_description) by extensions ['ros']
[0.262s] Level 1:colcon.colcon_core.package_identification:_identify(src/ur_description) by extension 'ros'
[0.263s] DEBUG:colcon.colcon_core.package_identification:Package 'src/ur_description' with type 'ros.ament_cmake' and name 'ur_description'
[0.263s] Level 1:colcon.colcon_core.package_discovery:discover_packages(recursive) using defaults
[0.263s] Level 1:colcon.colcon_core.package_discovery:discover_packages(ignore) discover
[0.263s] Level 1:colcon.colcon_core.package_discovery:discover_packages(ignore) using defaults
[0.263s] Level 1:colcon.colcon_core.package_discovery:discover_packages(path) discover
[0.263s] Level 1:colcon.colcon_core.package_discovery:discover_packages(path) using defaults
[0.293s] Level 1:colcon.colcon_core.package_discovery:discover_packages(prefix_path) check parameters
[0.293s] Level 1:colcon.colcon_core.package_discovery:discover_packages(prefix_path) discover
[0.294s] DEBUG:colcon.colcon_installed_package_information.package_discovery:Found 3 installed packages in /home/eric/EricBerg/Chalmers/Kandidatarbete/ros2_ws/install
[0.296s] DEBUG:colcon.colcon_installed_package_information.package_discovery:Found 381 installed packages in /opt/ros/humble
[0.297s] Level 1:colcon.colcon_core.package_discovery:discover_packages(prefix_path) using defaults
[0.339s] Level 5:colcon.colcon_core.verb:set package 'ur10e_unity_bridge' build argument 'cmake_args' from command line to 'None'
[0.339s] Level 5:colcon.colcon_core.verb:set package 'ur10e_unity_bridge' build argument 'cmake_target' from command line to 'None'
[0.339s] Level 5:colcon.colcon_core.verb:set package 'ur10e_unity_bridge' build argument 'cmake_target_skip_unavailable' from command line to 'False'
[0.339s] Level 5:colcon.colcon_core.verb:set package 'ur10e_unity_bridge' build argument 'cmake_clean_cache' from command line to 'False'
[0.339s] Level 5:colcon.colcon_core.verb:set package 'ur10e_unity_bridge' build argument 'cmake_clean_first' from command line to 'False'
[0.339s] Level 5:colcon.colcon_core.verb:set package 'ur10e_unity_bridge' build argument 'cmake_force_configure' from command line to 'False'
[0.339s] Level 5:colcon.colcon_core.verb:set package 'ur10e_unity_bridge' build argument 'ament_cmake_args' from command line to 'None'
[0.340s] Level 5:colcon.colcon_core.verb:set package 'ur10e_unity_bridge' build argument 'catkin_cmake_args' from command line to 'None'
[0.340s] Level 5:colcon.colcon_core.verb:set package 'ur10e_unity_bridge' build argument 'catkin_skip_building_tests' from command line to 'False'
[0.340s] DEBUG:colcon.colcon_core.verb:Building package 'ur10e_unity_bridge' with the following arguments: {'ament_cmake_args': None, 'build_base': '/home/eric/EricBerg/Chalmers/Kandidatarbete/ros2_ws/build/ur10e_unity_bridge', 'catkin_cmake_args': None, 'catkin_skip_building_tests': False, 'cmake_args': None, 'cmake_clean_cache': False, 'cmake_clean_first': False, 'cmake_force_configure': False, 'cmake_target': None, 'cmake_target_skip_unavailable': False, 'install_base': '/home/eric/EricBerg/Chalmers/Kandidatarbete/ros2_ws/install/ur10e_unity_bridge', 'merge_install': False, 'path': '/home/eric/EricBerg/Chalmers/Kandidatarbete/ros2_ws/src/ur10e_unity_bridge', 'symlink_install': False, 'test_result_base': None}
[0.340s] Level 5:colcon.colcon_core.verb:set package 'ur_description' build argument 'cmake_args' from command line to 'None'
[0.340s] Level 5:colcon.colcon_core.verb:set package 'ur_description' build argument 'cmake_target' from command line to 'None'
[0.340s] Level 5:colcon.colcon_core.verb:set package 'ur_description' build argument 'cmake_target_skip_unavailable' from command line to 'False'
[0.340s] Level 5:colcon.colcon_core.verb:set package 'ur_description' build argument 'cmake_clean_cache' from command line to 'False'
[0.340s] Level 5:colcon.colcon_core.verb:set package 'ur_description' build argument 'cmake_clean_first' from command line to 'False'
[0.340s] Level 5:colcon.colcon_core.verb:set package 'ur_description' build argument 'cmake_force_configure' from command line to 'False'
[0.340s] Level 5:colcon.colcon_core.verb:set package 'ur_description' build argument 'ament_cmake_args' from command line to 'None'
[0.340s] Level 5:colcon.colcon_core.verb:set package 'ur_description' build argument 'catkin_cmake_args' from command line to 'None'
[0.340s] Level 5:colcon.colcon_core.verb:set package 'ur_description' build argument 'catkin_skip_building_tests' from command line to 'False'
[0.340s] DEBUG:colcon.colcon_core.verb:Building package 'ur_description' with the following arguments: {'ament_cmake_args': None, 'build_base': '/home/eric/EricBerg/Chalmers/Kandidatarbete/ros2_ws/build/ur_description', 'catkin_cmake_args': None, 'catkin_skip_building_tests': False, 'cmake_args': None, 'cmake_clean_cache': False, 'cmake_clean_first': False, 'cmake_force_configure': False, 'cmake_target': None, 'cmake_target_skip_unavailable': False, 'install_base': '/home/eric/EricBerg/Chalmers/Kandidatarbete/ros2_ws/install/ur_description', 'merge_install': False, 'path': '/home/eric/EricBerg/Chalmers/Kandidatarbete/ros2_ws/src/ur_description', 'symlink_install': False, 'test_result_base': None}
[0.340s] Level 5:colcon.colcon_core.verb:set package 'ur10e_moveit_config' build argument 'cmake_args' from command line to 'None'
[0.340s] Level 5:colcon.colcon_core.verb:set package 'ur10e_moveit_config' build argument 'cmake_target' from command line to 'None'
[0.341s] Level 5:colcon.colcon_core.verb:set package 'ur10e_moveit_config' build argument 'cmake_target_skip_unavailable' from command line to 'False'
[0.341s] Level 5:colcon.colcon_core.verb:set package 'ur10e_moveit_config' build argument 'cmake_clean_cache' from command line to 'False'
[0.341s] Level 5:colcon.colcon_core.verb:set package 'ur10e_moveit_config' build argument 'cmake_clean_first' from command line to 'False'
[0.341s] Level 5:colcon.colcon_core.verb:set package 'ur10e_moveit_config' build argument 'cmake_force_configure' from command line to 'False'
[0.341s] Level 5:colcon.colcon_core.verb:set package 'ur10e_moveit_config' build argument 'ament_cmake_args' from command line to 'None'
[0.341s] Level 5:colcon.colcon_core.verb:set package 'ur10e_moveit_config' build argument 'catkin_cmake_args' from command line to 'None'
[0.341s] Level 5:colcon.colcon_core.verb:set package 'ur10e_moveit_config' build argument 'catkin_skip_building_tests' from command line to 'False'
[0.341s] DEBUG:colcon.colcon_core.verb:Building package 'ur10e_moveit_config' with the following arguments: {'ament_cmake_args': None, 'build_base': '/home/eric/EricBerg/Chalmers/Kandidatarbete/ros2_ws/build/ur10e_moveit_config', 'catkin_cmake_args': None, 'catkin_skip_building_tests': False, 'cmake_args': None, 'cmake_clean_cache': False, 'cmake_clean_first': False, 'cmake_force_configure': False, 'cmake_target': None, 'cmake_target_skip_unavailable': False, 'install_base': '/home/eric/EricBerg/Chalmers/Kandidatarbete/ros2_ws/install/ur10e_moveit_config', 'merge_install': False, 'path': '/home/eric/EricBerg/Chalmers/Kandidatarbete/ros2_ws/src/ur10e_moveit_config', 'symlink_install': False, 'test_result_base': None}
[0.341s] INFO:colcon.colcon_core.executor:Executing jobs using 'parallel' executor
[0.342s] DEBUG:colcon.colcon_parallel_executor.executor.parallel:run_until_complete
[0.342s] INFO:colcon.colcon_ros.task.ament_cmake.build:Building ROS package in '/home/eric/EricBerg/Chalmers/Kandidatarbete/ros2_ws/src/ur_description' with build type 'ament_cmake'
[0.342s] INFO:colcon.colcon_cmake.task.cmake.build:Building CMake package in '/home/eric/EricBerg/Chalmers/Kandidatarbete/ros2_ws/src/ur_description'
[0.344s] INFO:colcon.colcon_core.plugin_system:Skipping extension 'colcon_core.shell.bat': Not used on non-Windows systems
[0.344s] INFO:colcon.colcon_core.shell:Skip shell extension 'powershell' for command environment: Not usable outside of PowerShell
[0.344s] DEBUG:colcon.colcon_core.shell:Skip shell extension 'dsv' for command environment
[0.347s] INFO:colcon.colcon_ros.task.ament_python.build:Building ROS package in '/home/eric/EricBerg/Chalmers/Kandidatarbete/ros2_ws/src/ur10e_unity_bridge' with build type 'ament_python'
[0.347s] Level 1:colcon.colcon_core.shell:create_environment_hook('ur10e_unity_bridge', 'ament_prefix_path')
[0.348s] INFO:colcon.colcon_core.shell:Creating environment hook '/home/eric/EricBerg/Chalmers/Kandidatarbete/ros2_ws/install/ur10e_unity_bridge/share/ur10e_unity_bridge/hook/ament_prefix_path.ps1'
[0.348s] INFO:colcon.colcon_core.shell:Creating environment descriptor '/home/eric/EricBerg/Chalmers/Kandidatarbete/ros2_ws/install/ur10e_unity_bridge/share/ur10e_unity_bridge/hook/ament_prefix_path.dsv'
[0.349s] INFO:colcon.colcon_core.shell:Creating environment hook '/home/eric/EricBerg/Chalmers/Kandidatarbete/ros2_ws/install/ur10e_unity_bridge/share/ur10e_unity_bridge/hook/ament_prefix_path.sh'
[0.349s] INFO:colcon.colcon_core.shell:Skip shell extension 'powershell' for command environment: Not usable outside of PowerShell
[0.349s] DEBUG:colcon.colcon_core.shell:Skip shell extension 'dsv' for command environment
[0.356s] DEBUG:colcon.colcon_core.event_handler.log_command:Invoking command in '/home/eric/EricBerg/Chalmers/Kandidatarbete/ros2_ws/build/ur_description': CMAKE_PREFIX_PATH=${CMAKE_PREFIX_PATH}:/home/eric/EricBerg/Chalmers/Kandidatarbete/ros2_ws/install/ur10e_unity_bridge:/opt/ros/humble /usr/bin/cmake --build /home/eric/EricBerg/Chalmers/Kandidatarbete/ros2_ws/build/ur_description -- -j8 -l8
[0.588s] INFO:colcon.colcon_core.task.python.build:Building Python package in '/home/eric/EricBerg/Chalmers/Kandidatarbete/ros2_ws/src/ur10e_unity_bridge'
[0.589s] INFO:colcon.colcon_core.shell:Skip shell extension 'powershell' for command environment: Not usable outside of PowerShell
[0.589s] DEBUG:colcon.colcon_core.shell:Skip shell extension 'dsv' for command environment
[0.593s] DEBUG:colcon.colcon_core.event_handler.log_command:Invoked command in '/home/eric/EricBerg/Chalmers/Kandidatarbete/ros2_ws/build/ur_description' returned '0': CMAKE_PREFIX_PATH=${CMAKE_PREFIX_PATH}:/home/eric/EricBerg/Chalmers/Kandidatarbete/ros2_ws/install/ur10e_unity_bridge:/opt/ros/humble /usr/bin/cmake --build /home/eric/EricBerg/Chalmers/Kandidatarbete/ros2_ws/build/ur_description -- -j8 -l8
[0.602s] DEBUG:colcon.colcon_core.event_handler.log_command:Invoking command in '/home/eric/EricBerg/Chalmers/Kandidatarbete/ros2_ws/build/ur_description': CMAKE_PREFIX_PATH=${CMAKE_PREFIX_PATH}:/home/eric/EricBerg/Chalmers/Kandidatarbete/ros2_ws/install/ur10e_unity_bridge:/opt/ros/humble /usr/bin/cmake --install /home/eric/EricBerg/Chalmers/Kandidatarbete/ros2_ws/build/ur_description
[0.611s] Level 1:colcon.colcon_core.environment:create_environment_scripts_only(ur_description)
[0.612s] DEBUG:colcon.colcon_core.event_handler.log_command:Invoked command in '/home/eric/EricBerg/Chalmers/Kandidatarbete/ros2_ws/build/ur_description' returned '0': CMAKE_PREFIX_PATH=${CMAKE_PREFIX_PATH}:/home/eric/EricBerg/Chalmers/Kandidatarbete/ros2_ws/install/ur10e_unity_bridge:/opt/ros/humble /usr/bin/cmake --install /home/eric/EricBerg/Chalmers/Kandidatarbete/ros2_ws/build/ur_description
[0.614s] Level 1:colcon.colcon_core.environment:checking '/home/eric/EricBerg/Chalmers/Kandidatarbete/ros2_ws/install/ur_description' for CMake module files
[0.615s] Level 1:colcon.colcon_core.environment:checking '/home/eric/EricBerg/Chalmers/Kandidatarbete/ros2_ws/install/ur_description' for CMake config files
[0.616s] Level 1:colcon.colcon_core.shell:create_environment_hook('ur_description', 'cmake_prefix_path')
[0.616s] INFO:colcon.colcon_core.shell:Creating environment hook '/home/eric/EricBerg/Chalmers/Kandidatarbete/ros2_ws/install/ur_description/share/ur_description/hook/cmake_prefix_path.ps1'
[0.617s] INFO:colcon.colcon_core.shell:Creating environment descriptor '/home/eric/EricBerg/Chalmers/Kandidatarbete/ros2_ws/install/ur_description/share/ur_description/hook/cmake_prefix_path.dsv'
[0.617s] INFO:colcon.colcon_core.shell:Creating environment hook '/home/eric/EricBerg/Chalmers/Kandidatarbete/ros2_ws/install/ur_description/share/ur_description/hook/cmake_prefix_path.sh'
[0.618s] Level 1:colcon.colcon_core.environment:checking '/home/eric/EricBerg/Chalmers/Kandidatarbete/ros2_ws/install/ur_description/bin'
[0.618s] Level 1:colcon.colcon_core.environment:checking '/home/eric/EricBerg/Chalmers/Kandidatarbete/ros2_ws/install/ur_description/lib/pkgconfig/ur_description.pc'
[0.618s] Level 1:colcon.colcon_core.environment:checking '/home/eric/EricBerg/Chalmers/Kandidatarbete/ros2_ws/install/ur_description/lib/python3.10/site-packages'
[0.619s] Level 1:colcon.colcon_core.environment:checking '/home/eric/EricBerg/Chalmers/Kandidatarbete/ros2_ws/install/ur_description/bin'
[0.619s] INFO:colcon.colcon_core.shell:Creating package script '/home/eric/EricBerg/Chalmers/Kandidatarbete/ros2_ws/install/ur_description/share/ur_description/package.ps1'
[0.621s] INFO:colcon.colcon_core.shell:Creating package descriptor '/home/eric/EricBerg/Chalmers/Kandidatarbete/ros2_ws/install/ur_description/share/ur_description/package.dsv'
[0.621s] INFO:colcon.colcon_core.shell:Creating package script '/home/eric/EricBerg/Chalmers/Kandidatarbete/ros2_ws/install/ur_description/share/ur_description/package.sh'
[0.623s] INFO:colcon.colcon_core.shell:Creating package script '/home/eric/EricBerg/Chalmers/Kandidatarbete/ros2_ws/install/ur_description/share/ur_description/package.bash'
[0.624s] INFO:colcon.colcon_core.shell:Creating package script '/home/eric/EricBerg/Chalmers/Kandidatarbete/ros2_ws/install/ur_description/share/ur_description/package.zsh'
[0.625s] Level 1:colcon.colcon_core.environment:create_file_with_runtime_dependencies(/home/eric/EricBerg/Chalmers/Kandidatarbete/ros2_ws/install/ur_description/share/colcon-core/packages/ur_description)
[0.625s] Level 1:colcon.colcon_core.environment:create_environment_scripts_only(ur_description)
[0.626s] Level 1:colcon.colcon_core.environment:checking '/home/eric/EricBerg/Chalmers/Kandidatarbete/ros2_ws/install/ur_description' for CMake module files
[0.626s] Level 1:colcon.colcon_core.environment:checking '/home/eric/EricBerg/Chalmers/Kandidatarbete/ros2_ws/install/ur_description' for CMake config files
[0.627s] Level 1:colcon.colcon_core.shell:create_environment_hook('ur_description', 'cmake_prefix_path')
[0.627s] INFO:colcon.colcon_core.shell:Creating environment hook '/home/eric/EricBerg/Chalmers/Kandidatarbete/ros2_ws/install/ur_description/share/ur_description/hook/cmake_prefix_path.ps1'
[0.628s] INFO:colcon.colcon_core.shell:Creating environment descriptor '/home/eric/EricBerg/Chalmers/Kandidatarbete/ros2_ws/install/ur_description/share/ur_description/hook/cmake_prefix_path.dsv'
[0.628s] INFO:colcon.colcon_core.shell:Creating environment hook '/home/eric/EricBerg/Chalmers/Kandidatarbete/ros2_ws/install/ur_description/share/ur_description/hook/cmake_prefix_path.sh'
[0.629s] Level 1:colcon.colcon_core.environment:checking '/home/eric/EricBerg/Chalmers/Kandidatarbete/ros2_ws/install/ur_description/bin'
[0.629s] Level 1:colcon.colcon_core.environment:checking '/home/eric/EricBerg/Chalmers/Kandidatarbete/ros2_ws/install/ur_description/lib/pkgconfig/ur_description.pc'
[0.629s] Level 1:colcon.colcon_core.environment:checking '/home/eric/EricBerg/Chalmers/Kandidatarbete/ros2_ws/install/ur_description/lib/python3.10/site-packages'
[0.630s] Level 1:colcon.colcon_core.environment:checking '/home/eric/EricBerg/Chalmers/Kandidatarbete/ros2_ws/install/ur_description/bin'
[0.630s] INFO:colcon.colcon_core.shell:Creating package script '/home/eric/EricBerg/Chalmers/Kandidatarbete/ros2_ws/install/ur_description/share/ur_description/package.ps1'
[0.631s] INFO:colcon.colcon_core.shell:Creating package descriptor '/home/eric/EricBerg/Chalmers/Kandidatarbete/ros2_ws/install/ur_description/share/ur_description/package.dsv'
[0.631s] INFO:colcon.colcon_core.shell:Creating package script '/home/eric/EricBerg/Chalmers/Kandidatarbete/ros2_ws/install/ur_description/share/ur_description/package.sh'
[0.632s] INFO:colcon.colcon_core.shell:Creating package script '/home/eric/EricBerg/Chalmers/Kandidatarbete/ros2_ws/install/ur_description/share/ur_description/package.bash'
[0.632s] INFO:colcon.colcon_core.shell:Creating package script '/home/eric/EricBerg/Chalmers/Kandidatarbete/ros2_ws/install/ur_description/share/ur_description/package.zsh'
[0.633s] Level 1:colcon.colcon_core.environment:create_file_with_runtime_dependencies(/home/eric/EricBerg/Chalmers/Kandidatarbete/ros2_ws/install/ur_description/share/colcon-core/packages/ur_description)
[0.633s] INFO:colcon.colcon_ros.task.ament_cmake.build:Building ROS package in '/home/eric/EricBerg/Chalmers/Kandidatarbete/ros2_ws/src/ur10e_moveit_config' with build type 'ament_cmake'
[0.634s] INFO:colcon.colcon_cmake.task.cmake.build:Building CMake package in '/home/eric/EricBerg/Chalmers/Kandidatarbete/ros2_ws/src/ur10e_moveit_config'
[0.634s] INFO:colcon.colcon_core.shell:Skip shell extension 'powershell' for command environment: Not usable outside of PowerShell
[0.634s] DEBUG:colcon.colcon_core.shell:Skip shell extension 'dsv' for command environment
[0.642s] DEBUG:colcon.colcon_core.event_handler.log_command:Invoking command in '/home/eric/EricBerg/Chalmers/Kandidatarbete/ros2_ws/build/ur10e_moveit_config': CMAKE_PREFIX_PATH=/home/eric/EricBerg/Chalmers/Kandidatarbete/ros2_ws/install/ur_description:/home/eric/EricBerg/Chalmers/Kandidatarbete/ros2_ws/install/ur10e_moveit_config:/home/eric/EricBerg/Chalmers/Kandidatarbete/ros2_ws/install/ur10e_unity_bridge:/opt/ros/humble /usr/bin/cmake --build /home/eric/EricBerg/Chalmers/Kandidatarbete/ros2_ws/build/ur10e_moveit_config -- -j8 -l8
[0.678s] DEBUG:colcon.colcon_core.event_handler.log_command:Invoked command in '/home/eric/EricBerg/Chalmers/Kandidatarbete/ros2_ws/build/ur10e_moveit_config' returned '0': CMAKE_PREFIX_PATH=/home/eric/EricBerg/Chalmers/Kandidatarbete/ros2_ws/install/ur_description:/home/eric/EricBerg/Chalmers/Kandidatarbete/ros2_ws/install/ur10e_moveit_config:/home/eric/EricBerg/Chalmers/Kandidatarbete/ros2_ws/install/ur10e_unity_bridge:/opt/ros/humble /usr/bin/cmake --build /home/eric/EricBerg/Chalmers/Kandidatarbete/ros2_ws/build/ur10e_moveit_config -- -j8 -l8
[0.679s] DEBUG:colcon.colcon_core.event_handler.log_command:Invoking command in '/home/eric/EricBerg/Chalmers/Kandidatarbete/ros2_ws/build/ur10e_moveit_config': CMAKE_PREFIX_PATH=/home/eric/EricBerg/Chalmers/Kandidatarbete/ros2_ws/install/ur_description:/home/eric/EricBerg/Chalmers/Kandidatarbete/ros2_ws/install/ur10e_moveit_config:/home/eric/EricBerg/Chalmers/Kandidatarbete/ros2_ws/install/ur10e_unity_bridge:/opt/ros/humble /usr/bin/cmake --install /home/eric/EricBerg/Chalmers/Kandidatarbete/ros2_ws/build/ur10e_moveit_config
[0.688s] Level 1:colcon.colcon_core.environment:create_environment_scripts_only(ur10e_moveit_config)
[0.689s] Level 1:colcon.colcon_core.environment:checking '/home/eric/EricBerg/Chalmers/Kandidatarbete/ros2_ws/install/ur10e_moveit_config' for CMake module files
[0.689s] DEBUG:colcon.colcon_core.event_handler.log_command:Invoked command in '/home/eric/EricBerg/Chalmers/Kandidatarbete/ros2_ws/build/ur10e_moveit_config' returned '0': CMAKE_PREFIX_PATH=/home/eric/EricBerg/Chalmers/Kandidatarbete/ros2_ws/install/ur_description:/home/eric/EricBerg/Chalmers/Kandidatarbete/ros2_ws/install/ur10e_moveit_config:/home/eric/EricBerg/Chalmers/Kandidatarbete/ros2_ws/install/ur10e_unity_bridge:/opt/ros/humble /usr/bin/cmake --install /home/eric/EricBerg/Chalmers/Kandidatarbete/ros2_ws/build/ur10e_moveit_config
[0.689s] Level 1:colcon.colcon_core.environment:checking '/home/eric/EricBerg/Chalmers/Kandidatarbete/ros2_ws/install/ur10e_moveit_config' for CMake config files
[0.690s] Level 1:colcon.colcon_core.shell:create_environment_hook('ur10e_moveit_config', 'cmake_prefix_path')
[0.690s] INFO:colcon.colcon_core.shell:Creating environment hook '/home/eric/EricBerg/Chalmers/Kandidatarbete/ros2_ws/install/ur10e_moveit_config/share/ur10e_moveit_config/hook/cmake_prefix_path.ps1'
[0.690s] INFO:colcon.colcon_core.shell:Creating environment descriptor '/home/eric/EricBerg/Chalmers/Kandidatarbete/ros2_ws/install/ur10e_moveit_config/share/ur10e_moveit_config/hook/cmake_prefix_path.dsv'
[0.691s] INFO:colcon.colcon_core.shell:Creating environment hook '/home/eric/EricBerg/Chalmers/Kandidatarbete/ros2_ws/install/ur10e_moveit_config/share/ur10e_moveit_config/hook/cmake_prefix_path.sh'
[0.691s] Level 1:colcon.colcon_core.environment:checking '/home/eric/EricBerg/Chalmers/Kandidatarbete/ros2_ws/install/ur10e_moveit_config/bin'
[0.691s] Level 1:colcon.colcon_core.environment:checking '/home/eric/EricBerg/Chalmers/Kandidatarbete/ros2_ws/install/ur10e_moveit_config/lib/pkgconfig/ur10e_moveit_config.pc'
[0.692s] Level 1:colcon.colcon_core.environment:checking '/home/eric/EricBerg/Chalmers/Kandidatarbete/ros2_ws/install/ur10e_moveit_config/lib/python3.10/site-packages'
[0.692s] Level 1:colcon.colcon_core.environment:checking '/home/eric/EricBerg/Chalmers/Kandidatarbete/ros2_ws/install/ur10e_moveit_config/bin'
[0.692s] INFO:colcon.colcon_core.shell:Creating package script '/home/eric/EricBerg/Chalmers/Kandidatarbete/ros2_ws/install/ur10e_moveit_config/share/ur10e_moveit_config/package.ps1'
[0.693s] INFO:colcon.colcon_core.shell:Creating package descriptor '/home/eric/EricBerg/Chalmers/Kandidatarbete/ros2_ws/install/ur10e_moveit_config/share/ur10e_moveit_config/package.dsv'
[0.693s] INFO:colcon.colcon_core.shell:Creating package script '/home/eric/EricBerg/Chalmers/Kandidatarbete/ros2_ws/install/ur10e_moveit_config/share/ur10e_moveit_config/package.sh'
[0.694s] INFO:colcon.colcon_core.shell:Creating package script '/home/eric/EricBerg/Chalmers/Kandidatarbete/ros2_ws/install/ur10e_moveit_config/share/ur10e_moveit_config/package.bash'
[0.694s] INFO:colcon.colcon_core.shell:Creating package script '/home/eric/EricBerg/Chalmers/Kandidatarbete/ros2_ws/install/ur10e_moveit_config/share/ur10e_moveit_config/package.zsh'
[0.694s] Level 1:colcon.colcon_core.environment:create_file_with_runtime_dependencies(/home/eric/EricBerg/Chalmers/Kandidatarbete/ros2_ws/install/ur10e_moveit_config/share/colcon-core/packages/ur10e_moveit_config)
[0.695s] Level 1:colcon.colcon_core.environment:create_environment_scripts_only(ur10e_moveit_config)
[0.695s] Level 1:colcon.colcon_core.environment:checking '/home/eric/EricBerg/Chalmers/Kandidatarbete/ros2_ws/install/ur10e_moveit_config' for CMake module files
[0.695s] Level 1:colcon.colcon_core.environment:checking '/home/eric/EricBerg/Chalmers/Kandidatarbete/ros2_ws/install/ur10e_moveit_config' for CMake config files
[0.696s] Level 1:colcon.colcon_core.shell:create_environment_hook('ur10e_moveit_config', 'cmake_prefix_path')
[0.696s] INFO:colcon.colcon_core.shell:Creating environment hook '/home/eric/EricBerg/Chalmers/Kandidatarbete/ros2_ws/install/ur10e_moveit_config/share/ur10e_moveit_config/hook/cmake_prefix_path.ps1'
[0.696s] INFO:colcon.colcon_core.shell:Creating environment descriptor '/home/eric/EricBerg/Chalmers/Kandidatarbete/ros2_ws/install/ur10e_moveit_config/share/ur10e_moveit_config/hook/cmake_prefix_path.dsv'
[0.697s] INFO:colcon.colcon_core.shell:Creating environment hook '/home/eric/EricBerg/Chalmers/Kandidatarbete/ros2_ws/install/ur10e_moveit_config/share/ur10e_moveit_config/hook/cmake_prefix_path.sh'
[0.697s] Level 1:colcon.colcon_core.environment:checking '/home/eric/EricBerg/Chalmers/Kandidatarbete/ros2_ws/install/ur10e_moveit_config/bin'
[0.697s] Level 1:colcon.colcon_core.environment:checking '/home/eric/EricBerg/Chalmers/Kandidatarbete/ros2_ws/install/ur10e_moveit_config/lib/pkgconfig/ur10e_moveit_config.pc'
[0.697s] Level 1:colcon.colcon_core.environment:checking '/home/eric/EricBerg/Chalmers/Kandidatarbete/ros2_ws/install/ur10e_moveit_config/lib/python3.10/site-packages'
[0.698s] Level 1:colcon.colcon_core.environment:checking '/home/eric/EricBerg/Chalmers/Kandidatarbete/ros2_ws/install/ur10e_moveit_config/bin'
[0.698s] INFO:colcon.colcon_core.shell:Creating package script '/home/eric/EricBerg/Chalmers/Kandidatarbete/ros2_ws/install/ur10e_moveit_config/share/ur10e_moveit_config/package.ps1'
[0.699s] INFO:colcon.colcon_core.shell:Creating package descriptor '/home/eric/EricBerg/Chalmers/Kandidatarbete/ros2_ws/install/ur10e_moveit_config/share/ur10e_moveit_config/package.dsv'
[0.699s] INFO:colcon.colcon_core.shell:Creating package script '/home/eric/EricBerg/Chalmers/Kandidatarbete/ros2_ws/install/ur10e_moveit_config/share/ur10e_moveit_config/package.sh'
[0.699s] INFO:colcon.colcon_core.shell:Creating package script '/home/eric/EricBerg/Chalmers/Kandidatarbete/ros2_ws/install/ur10e_moveit_config/share/ur10e_moveit_config/package.bash'
[0.700s] INFO:colcon.colcon_core.shell:Creating package script '/home/eric/EricBerg/Chalmers/Kandidatarbete/ros2_ws/install/ur10e_moveit_config/share/ur10e_moveit_config/package.zsh'
[0.700s] Level 1:colcon.colcon_core.environment:create_file_with_runtime_dependencies(/home/eric/EricBerg/Chalmers/Kandidatarbete/ros2_ws/install/ur10e_moveit_config/share/colcon-core/packages/ur10e_moveit_config)
[0.938s] DEBUG:colcon.colcon_core.event_handler.log_command:Invoking command in '/home/eric/EricBerg/Chalmers/Kandidatarbete/ros2_ws/src/ur10e_unity_bridge': PYTHONPATH=/home/eric/EricBerg/Chalmers/Kandidatarbete/ros2_ws/build/ur10e_unity_bridge/prefix_override:/usr/lib/python3/dist-packages/colcon_core/task/python/colcon_distutils_commands:/home/eric/EricBerg/Chalmers/Kandidatarbete/ros2_ws/install/ur10e_unity_bridge/lib/python3.10/site-packages:${PYTHONPATH} /usr/bin/python3 -W ignore:setup.py install is deprecated -W ignore:easy_install command is deprecated setup.py egg_info --egg-base ../../build/ur10e_unity_bridge build --build-base /home/eric/EricBerg/Chalmers/Kandidatarbete/ros2_ws/build/ur10e_unity_bridge/build install --record /home/eric/EricBerg/Chalmers/Kandidatarbete/ros2_ws/build/ur10e_unity_bridge/install.log --single-version-externally-managed install_data
[1.226s] Level 1:colcon.colcon_core.environment:checking '/home/eric/EricBerg/Chalmers/Kandidatarbete/ros2_ws/install/ur10e_unity_bridge' for CMake module files
[1.227s] DEBUG:colcon.colcon_core.event_handler.log_command:Invoked command in '/home/eric/EricBerg/Chalmers/Kandidatarbete/ros2_ws/src/ur10e_unity_bridge' returned '0': PYTHONPATH=/home/eric/EricBerg/Chalmers/Kandidatarbete/ros2_ws/build/ur10e_unity_bridge/prefix_override:/usr/lib/python3/dist-packages/colcon_core/task/python/colcon_distutils_commands:/home/eric/EricBerg/Chalmers/Kandidatarbete/ros2_ws/install/ur10e_unity_bridge/lib/python3.10/site-packages:${PYTHONPATH} /usr/bin/python3 -W ignore:setup.py install is deprecated -W ignore:easy_install command is deprecated setup.py egg_info --egg-base ../../build/ur10e_unity_bridge build --build-base /home/eric/EricBerg/Chalmers/Kandidatarbete/ros2_ws/build/ur10e_unity_bridge/build install --record /home/eric/EricBerg/Chalmers/Kandidatarbete/ros2_ws/build/ur10e_unity_bridge/install.log --single-version-externally-managed install_data
[1.227s] Level 1:colcon.colcon_core.environment:checking '/home/eric/EricBerg/Chalmers/Kandidatarbete/ros2_ws/install/ur10e_unity_bridge' for CMake config files
[1.228s] Level 1:colcon.colcon_core.environment:checking '/home/eric/EricBerg/Chalmers/Kandidatarbete/ros2_ws/install/ur10e_unity_bridge/lib'
[1.228s] Level 1:colcon.colcon_core.environment:checking '/home/eric/EricBerg/Chalmers/Kandidatarbete/ros2_ws/install/ur10e_unity_bridge/bin'
[1.228s] Level 1:colcon.colcon_core.environment:checking '/home/eric/EricBerg/Chalmers/Kandidatarbete/ros2_ws/install/ur10e_unity_bridge/lib/pkgconfig/ur10e_unity_bridge.pc'
[1.228s] Level 1:colcon.colcon_core.environment:checking '/home/eric/EricBerg/Chalmers/Kandidatarbete/ros2_ws/install/ur10e_unity_bridge/lib/python3.10/site-packages'
[1.228s] Level 1:colcon.colcon_core.shell:create_environment_hook('ur10e_unity_bridge', 'pythonpath')
[1.228s] INFO:colcon.colcon_core.shell:Creating environment hook '/home/eric/EricBerg/Chalmers/Kandidatarbete/ros2_ws/install/ur10e_unity_bridge/share/ur10e_unity_bridge/hook/pythonpath.ps1'
[1.229s] INFO:colcon.colcon_core.shell:Creating environment descriptor '/home/eric/EricBerg/Chalmers/Kandidatarbete/ros2_ws/install/ur10e_unity_bridge/share/ur10e_unity_bridge/hook/pythonpath.dsv'
[1.229s] INFO:colcon.colcon_core.shell:Creating environment hook '/home/eric/EricBerg/Chalmers/Kandidatarbete/ros2_ws/install/ur10e_unity_bridge/share/ur10e_unity_bridge/hook/pythonpath.sh'
[1.230s] Level 1:colcon.colcon_core.environment:checking '/home/eric/EricBerg/Chalmers/Kandidatarbete/ros2_ws/install/ur10e_unity_bridge/bin'
[1.230s] Level 1:colcon.colcon_core.environment:create_environment_scripts_only(ur10e_unity_bridge)
[1.230s] INFO:colcon.colcon_core.shell:Creating package script '/home/eric/EricBerg/Chalmers/Kandidatarbete/ros2_ws/install/ur10e_unity_bridge/share/ur10e_unity_bridge/package.ps1'
[1.231s] INFO:colcon.colcon_core.shell:Creating package descriptor '/home/eric/EricBerg/Chalmers/Kandidatarbete/ros2_ws/install/ur10e_unity_bridge/share/ur10e_unity_bridge/package.dsv'
[1.231s] INFO:colcon.colcon_core.shell:Creating package script '/home/eric/EricBerg/Chalmers/Kandidatarbete/ros2_ws/install/ur10e_unity_bridge/share/ur10e_unity_bridge/package.sh'
[1.231s] INFO:colcon.colcon_core.shell:Creating package script '/home/eric/EricBerg/Chalmers/Kandidatarbete/ros2_ws/install/ur10e_unity_bridge/share/ur10e_unity_bridge/package.bash'
[1.232s] INFO:colcon.colcon_core.shell:Creating package script '/home/eric/EricBerg/Chalmers/Kandidatarbete/ros2_ws/install/ur10e_unity_bridge/share/ur10e_unity_bridge/package.zsh'
[1.232s] Level 1:colcon.colcon_core.environment:create_file_with_runtime_dependencies(/home/eric/EricBerg/Chalmers/Kandidatarbete/ros2_ws/install/ur10e_unity_bridge/share/colcon-core/packages/ur10e_unity_bridge)
[1.232s] DEBUG:colcon.colcon_parallel_executor.executor.parallel:closing loop
[1.232s] DEBUG:colcon.colcon_parallel_executor.executor.parallel:loop closed
[1.232s] DEBUG:colcon.colcon_parallel_executor.executor.parallel:run_until_complete finished with '0'
[1.232s] DEBUG:colcon.colcon_core.event_reactor:joining thread
[1.237s] INFO:colcon.colcon_core.plugin_system:Skipping extension 'colcon_notification.desktop_notification.terminal_notifier': Not used on non-Darwin systems
[1.237s] INFO:colcon.colcon_core.plugin_system:Skipping extension 'colcon_notification.desktop_notification.win32': Not used on non-Windows systems
[1.237s] INFO:colcon.colcon_notification.desktop_notification:Sending desktop notification using 'notify2'
[1.247s] DEBUG:colcon.colcon_core.event_reactor:joined thread
[1.247s] INFO:colcon.colcon_core.shell:Creating prefix script '/home/eric/EricBerg/Chalmers/Kandidatarbete/ros2_ws/install/local_setup.ps1'
[1.248s] INFO:colcon.colcon_core.shell:Creating prefix util module '/home/eric/EricBerg/Chalmers/Kandidatarbete/ros2_ws/install/_local_setup_util_ps1.py'
[1.249s] INFO:colcon.colcon_core.shell:Creating prefix chain script '/home/eric/EricBerg/Chalmers/Kandidatarbete/ros2_ws/install/setup.ps1'
[1.250s] INFO:colcon.colcon_core.shell:Creating prefix script '/home/eric/EricBerg/Chalmers/Kandidatarbete/ros2_ws/install/local_setup.sh'
[1.251s] INFO:colcon.colcon_core.shell:Creating prefix util module '/home/eric/EricBerg/Chalmers/Kandidatarbete/ros2_ws/install/_local_setup_util_sh.py'
[1.251s] INFO:colcon.colcon_core.shell:Creating prefix chain script '/home/eric/EricBerg/Chalmers/Kandidatarbete/ros2_ws/install/setup.sh'
[1.252s] INFO:colcon.colcon_core.shell:Creating prefix script '/home/eric/EricBerg/Chalmers/Kandidatarbete/ros2_ws/install/local_setup.bash'
[1.253s] INFO:colcon.colcon_core.shell:Creating prefix chain script '/home/eric/EricBerg/Chalmers/Kandidatarbete/ros2_ws/install/setup.bash'
[1.253s] INFO:colcon.colcon_core.shell:Creating prefix script '/home/eric/EricBerg/Chalmers/Kandidatarbete/ros2_ws/install/local_setup.zsh'
[1.254s] INFO:colcon.colcon_core.shell:Creating prefix chain script '/home/eric/EricBerg/Chalmers/Kandidatarbete/ros2_ws/install/setup.zsh'
