/home/eric/EricBerg/Chalmers/Kandidatarbete/ros2_ws/install/ur10e_unity_bridge/lib/python3.10/site-packages/ur10e_unity_bridge/__init__.py
/home/eric/EricBerg/Chalmers/Kandidatarbete/ros2_ws/install/ur10e_unity_bridge/lib/python3.10/site-packages/ur10e_unity_bridge/pose_goal_planner.py
/home/eric/EricBerg/Chalmers/Kandidatarbete/ros2_ws/install/ur10e_unity_bridge/lib/python3.10/site-packages/ur10e_unity_bridge/display_to_unity.py
/home/eric/EricBerg/Chalmers/Kandidatarbete/ros2_ws/install/ur10e_unity_bridge/lib/python3.10/site-packages/ur10e_unity_bridge/mesh_collision_publisher.py
/home/eric/EricBerg/Chalmers/Kandidatarbete/ros2_ws/install/ur10e_unity_bridge/lib/python3.10/site-packages/ur10e_unity_bridge/pick_sequence_planner.py
/home/eric/EricBerg/Chalmers/Kandidatarbete/ros2_ws/install/ur10e_unity_bridge/lib/python3.10/site-packages/ur10e_unity_bridge/floor_collision_publisher.py
/home/eric/EricBerg/Chalmers/Kandidatarbete/ros2_ws/install/ur10e_unity_bridge/lib/python3.10/site-packages/ur10e_unity_bridge/__pycache__/__init__.cpython-310.pyc
/home/eric/EricBerg/Chalmers/Kandidatarbete/ros2_ws/install/ur10e_unity_bridge/lib/python3.10/site-packages/ur10e_unity_bridge/__pycache__/pose_goal_planner.cpython-310.pyc
/home/eric/EricBerg/Chalmers/Kandidatarbete/ros2_ws/install/ur10e_unity_bridge/lib/python3.10/site-packages/ur10e_unity_bridge/__pycache__/display_to_unity.cpython-310.pyc
/home/eric/EricBerg/Chalmers/Kandidatarbete/ros2_ws/install/ur10e_unity_bridge/lib/python3.10/site-packages/ur10e_unity_bridge/__pycache__/mesh_collision_publisher.cpython-310.pyc
/home/eric/EricBerg/Chalmers/Kandidatarbete/ros2_ws/install/ur10e_unity_bridge/lib/python3.10/site-packages/ur10e_unity_bridge/__pycache__/pick_sequence_planner.cpython-310.pyc
/home/eric/EricBerg/Chalmers/Kandidatarbete/ros2_ws/install/ur10e_unity_bridge/lib/python3.10/site-packages/ur10e_unity_bridge/__pycache__/floor_collision_publisher.cpython-310.pyc
/home/eric/EricBerg/Chalmers/Kandidatarbete/ros2_ws/install/ur10e_unity_bridge/share/ament_index/resource_index/packages/ur10e_unity_bridge
/home/eric/EricBerg/Chalmers/Kandidatarbete/ros2_ws/install/ur10e_unity_bridge/share/ur10e_unity_bridge/package.xml
/home/eric/EricBerg/Chalmers/Kandidatarbete/ros2_ws/install/ur10e_unity_bridge/share/ur10e_unity_bridge/launch/bridge.launch.py
/home/eric/EricBerg/Chalmers/Kandidatarbete/ros2_ws/install/ur10e_unity_bridge/share/ur10e_unity_bridge/launch/pose_goal_planner.launch.py
/home/eric/EricBerg/Chalmers/Kandidatarbete/ros2_ws/install/ur10e_unity_bridge/share/ur10e_unity_bridge/launch/autonomy.launch.py
/home/eric/EricBerg/Chalmers/Kandidatarbete/ros2_ws/install/ur10e_unity_bridge/share/ur10e_unity_bridge/launch/pick_autonomy.launch.py
/home/eric/EricBerg/Chalmers/Kandidatarbete/ros2_ws/install/ur10e_unity_bridge/lib/python3.10/site-packages/ur10e_unity_bridge-0.1.0-py3.10.egg-info/entry_points.txt
/home/eric/EricBerg/Chalmers/Kandidatarbete/ros2_ws/install/ur10e_unity_bridge/lib/python3.10/site-packages/ur10e_unity_bridge-0.1.0-py3.10.egg-info/SOURCES.txt
/home/eric/EricBerg/Chalmers/Kandidatarbete/ros2_ws/install/ur10e_unity_bridge/lib/python3.10/site-packages/ur10e_unity_bridge-0.1.0-py3.10.egg-info/top_level.txt
/home/eric/EricBerg/Chalmers/Kandidatarbete/ros2_ws/install/ur10e_unity_bridge/lib/python3.10/site-packages/ur10e_unity_bridge-0.1.0-py3.10.egg-info/requires.txt
/home/eric/EricBerg/Chalmers/Kandidatarbete/ros2_ws/install/ur10e_unity_bridge/lib/python3.10/site-packages/ur10e_unity_bridge-0.1.0-py3.10.egg-info/dependency_links.txt
/home/eric/EricBerg/Chalmers/Kandidatarbete/ros2_ws/install/ur10e_unity_bridge/lib/python3.10/site-packages/ur10e_unity_bridge-0.1.0-py3.10.egg-info/PKG-INFO
/home/eric/EricBerg/Chalmers/Kandidatarbete/ros2_ws/install/ur10e_unity_bridge/lib/python3.10/site-packages/ur10e_unity_bridge-0.1.0-py3.10.egg-info/zip-safe
/home/eric/EricBerg/Chalmers/Kandidatarbete/ros2_ws/install/ur10e_unity_bridge/lib/ur10e_unity_bridge/display_to_unity
/home/eric/EricBerg/Chalmers/Kandidatarbete/ros2_ws/install/ur10e_unity_bridge/lib/ur10e_unity_bridge/floor_collision_publisher
/home/eric/EricBerg/Chalmers/Kandidatarbete/ros2_ws/install/ur10e_unity_bridge/lib/ur10e_unity_bridge/mesh_collision_publisher
/home/eric/EricBerg/Chalmers/Kandidatarbete/ros2_ws/install/ur10e_unity_bridge/lib/ur10e_unity_bridge/pick_sequence_planner
/home/eric/EricBerg/Chalmers/Kandidatarbete/ros2_ws/install/ur10e_unity_bridge/lib/ur10e_unity_bridge/pose_goal_planner
