[0.693s] Invoking command in '/home/eric/EricBerg/Chalmers/Kandidatarbete/ros2_ws/src/ur10e_unity_bridge': PYTHONPATH=/home/eric/EricBerg/Chalmers/Kandidatarbete/ros2_ws/build/ur10e_unity_bridge/prefix_override:/usr/lib/python3/dist-packages/colcon_core/task/python/colcon_distutils_commands:/home/eric/EricBerg/Chalmers/Kandidatarbete/ros2_ws/install/ur10e_unity_bridge/lib/python3.10/site-packages:${PYTHONPATH} /usr/bin/python3 -W ignore:setup.py install is deprecated -W ignore:easy_install command is deprecated setup.py egg_info --egg-base ../../build/ur10e_unity_bridge build --build-base /home/eric/EricBerg/Chalmers/Kandidatarbete/ros2_ws/build/ur10e_unity_bridge/build install --record /home/eric/EricBerg/Chalmers/Kandidatarbete/ros2_ws/build/ur10e_unity_bridge/install.log --single-version-externally-managed install_data
[0.940s] running egg_info
[0.941s] writing ../../build/ur10e_unity_bridge/ur10e_unity_bridge.egg-info/PKG-INFO
[0.943s] writing dependency_links to ../../build/ur10e_unity_bridge/ur10e_unity_bridge.egg-info/dependency_links.txt
[0.944s] writing entry points to ../../build/ur10e_unity_bridge/ur10e_unity_bridge.egg-info/entry_points.txt
[0.944s] writing requirements to ../../build/ur10e_unity_bridge/ur10e_unity_bridge.egg-info/requires.txt
[0.944s] writing top-level names to ../../build/ur10e_unity_bridge/ur10e_unity_bridge.egg-info/top_level.txt
[0.945s] reading manifest file '../../build/ur10e_unity_bridge/ur10e_unity_bridge.egg-info/SOURCES.txt'
[0.946s] writing manifest file '../../build/ur10e_unity_bridge/ur10e_unity_bridge.egg-info/SOURCES.txt'
[0.947s] running build
[0.947s] running build_py
[0.947s] copying ur10e_unity_bridge/floor_collision_publisher.py -> /home/eric/EricBerg/Chalmers/Kandidatarbete/ros2_ws/build/ur10e_unity_bridge/build/lib/ur10e_unity_bridge
[0.947s] running install
[0.948s] running install_lib
[0.948s] copying /home/eric/EricBerg/Chalmers/Kandidatarbete/ros2_ws/build/ur10e_unity_bridge/build/lib/ur10e_unity_bridge/floor_collision_publisher.py -> /home/eric/EricBerg/Chalmers/Kandidatarbete/ros2_ws/install/ur10e_unity_bridge/lib/python3.10/site-packages/ur10e_unity_bridge
[0.949s] byte-compiling /home/eric/EricBerg/Chalmers/Kandidatarbete/ros2_ws/install/ur10e_unity_bridge/lib/python3.10/site-packages/ur10e_unity_bridge/floor_collision_publisher.py to floor_collision_publisher.cpython-310.pyc
[0.950s] running install_data
[0.950s] copying package.xml -> /home/eric/EricBerg/Chalmers/Kandidatarbete/ros2_ws/install/ur10e_unity_bridge/share/ur10e_unity_bridge
[0.950s] copying launch/bridge.launch.py -> /home/eric/EricBerg/Chalmers/Kandidatarbete/ros2_ws/install/ur10e_unity_bridge/share/ur10e_unity_bridge/launch
[0.950s] running install_egg_info
[0.953s] removing '/home/eric/EricBerg/Chalmers/Kandidatarbete/ros2_ws/install/ur10e_unity_bridge/lib/python3.10/site-packages/ur10e_unity_bridge-0.1.0-py3.10.egg-info' (and everything under it)
[0.953s] Copying ../../build/ur10e_unity_bridge/ur10e_unity_bridge.egg-info to /home/eric/EricBerg/Chalmers/Kandidatarbete/ros2_ws/install/ur10e_unity_bridge/lib/python3.10/site-packages/ur10e_unity_bridge-0.1.0-py3.10.egg-info
[0.954s] running install_scripts
[0.972s] Installing display_to_unity script to /home/eric/EricBerg/Chalmers/Kandidatarbete/ros2_ws/install/ur10e_unity_bridge/lib/ur10e_unity_bridge
[0.972s] Installing floor_collision_publisher script to /home/eric/EricBerg/Chalmers/Kandidatarbete/ros2_ws/install/ur10e_unity_bridge/lib/ur10e_unity_bridge
[0.972s] writing list of installed files to '/home/eric/EricBerg/Chalmers/Kandidatarbete/ros2_ws/build/ur10e_unity_bridge/install.log'
[0.996s] Invoked command in '/home/eric/EricBerg/Chalmers/Kandidatarbete/ros2_ws/src/ur10e_unity_bridge' returned '0': PYTHONPATH=/home/eric/EricBerg/Chalmers/Kandidatarbete/ros2_ws/build/ur10e_unity_bridge/prefix_override:/usr/lib/python3/dist-packages/colcon_core/task/python/colcon_distutils_commands:/home/eric/EricBerg/Chalmers/Kandidatarbete/ros2_ws/install/ur10e_unity_bridge/lib/python3.10/site-packages:${PYTHONPATH} /usr/bin/python3 -W ignore:setup.py install is deprecated -W ignore:easy_install command is deprecated setup.py egg_info --egg-base ../../build/ur10e_unity_bridge build --build-base /home/eric/EricBerg/Chalmers/Kandidatarbete/ros2_ws/build/ur10e_unity_bridge/build install --record /home/eric/EricBerg/Chalmers/Kandidatarbete/ros2_ws/build/ur10e_unity_bridge/install.log --single-version-externally-managed install_data
