-- Install configuration: ""
-- Up-to-date: /home/eric/EricBerg/Chalmers/Kandidatarbete/ros2_ws/install/ur_description/share/ur_description/urdf
-- Up-to-date: /home/eric/EricBerg/Chalmers/Kandidatarbete/ros2_ws/install/ur_description/share/ur_description/urdf/ur10e_official.urdf
-- Up-to-date: /home/eric/EricBerg/Chalmers/Kandidatarbete/ros2_ws/install/ur_description/share/ur_description/meshes
-- Up-to-date: /home/eric/EricBerg/Chalmers/Kandidatarbete/ros2_ws/install/ur_description/share/ur_description/meshes/ur10e
-- Up-to-date: /home/eric/EricBerg/Chalmers/Kandidatarbete/ros2_ws/install/ur_description/share/ur_description/meshes/ur10e/visual
-- Up-to-date: /home/eric/EricBerg/Chalmers/Kandidatarbete/ros2_ws/install/ur_description/share/ur_description/meshes/ur10e/visual/upperarm.dae
-- Up-to-date: /home/eric/EricBerg/Chalmers/Kandidatarbete/ros2_ws/install/ur_description/share/ur_description/meshes/ur10e/visual/wrist1.dae
-- Up-to-date: /home/eric/EricBerg/Chalmers/Kandidatarbete/ros2_ws/install/ur_description/share/ur_description/meshes/ur10e/visual/wrist3.dae
-- Up-to-date: /home/eric/EricBerg/Chalmers/Kandidatarbete/ros2_ws/install/ur_description/share/ur_description/meshes/ur10e/visual/shoulder.dae
-- Up-to-date: /home/eric/EricBerg/Chalmers/Kandidatarbete/ros2_ws/install/ur_description/share/ur_description/meshes/ur10e/visual/forearm.dae
-- Up-to-date: /home/eric/EricBerg/Chalmers/Kandidatarbete/ros2_ws/install/ur_description/share/ur_description/meshes/ur10e/visual/wrist2.dae
-- Up-to-date: /home/eric/EricBerg/Chalmers/Kandidatarbete/ros2_ws/install/ur_description/share/ur_description/meshes/ur10e/visual/base.dae
-- Up-to-date: /home/eric/EricBerg/Chalmers/Kandidatarbete/ros2_ws/install/ur_description/share/ur_description/meshes/ur10e/collision
-- Up-to-date: /home/eric/EricBerg/Chalmers/Kandidatarbete/ros2_ws/install/ur_description/share/ur_description/meshes/ur10e/collision/wrist2.stl
-- Up-to-date: /home/eric/EricBerg/Chalmers/Kandidatarbete/ros2_ws/install/ur_description/share/ur_description/meshes/ur10e/collision/forearm.stl
-- Up-to-date: /home/eric/EricBerg/Chalmers/Kandidatarbete/ros2_ws/install/ur_description/share/ur_description/meshes/ur10e/collision/shoulder.stl
-- Up-to-date: /home/eric/EricBerg/Chalmers/Kandidatarbete/ros2_ws/install/ur_description/share/ur_description/meshes/ur10e/collision/wrist3.stl
-- Up-to-date: /home/eric/EricBerg/Chalmers/Kandidatarbete/ros2_ws/install/ur_description/share/ur_description/meshes/ur10e/collision/upperarm.stl
-- Up-to-date: /home/eric/EricBerg/Chalmers/Kandidatarbete/ros2_ws/install/ur_description/share/ur_description/meshes/ur10e/collision/base.stl
-- Up-to-date: /home/eric/EricBerg/Chalmers/Kandidatarbete/ros2_ws/install/ur_description/share/ur_description/meshes/ur10e/collision/wrist1.stl
-- Up-to-date: /home/eric/EricBerg/Chalmers/Kandidatarbete/ros2_ws/install/ur_description/share/ur_description/meshes/gripper
-- Up-to-date: /home/eric/EricBerg/Chalmers/Kandidatarbete/ros2_ws/install/ur_description/share/ur_description/meshes/gripper/gripper_base_with_partial_fingers.stl
-- Up-to-date: /home/eric/EricBerg/Chalmers/Kandidatarbete/ros2_ws/install/ur_description/share/ur_description/meshes/gripper/README.md
-- Up-to-date: /home/eric/EricBerg/Chalmers/Kandidatarbete/ros2_ws/install/ur_description/share/ur_description/meshes/gripper/gripper_base_with_partial_fingers_light.stl
-- Up-to-date: /home/eric/EricBerg/Chalmers/Kandidatarbete/ros2_ws/install/ur_description/share/ur_description/meshes/gripper/gripper_base_with_partial_fingers_backup_29M.stl
-- Installing: /home/eric/EricBerg/Chalmers/Kandidatarbete/ros2_ws/install/ur_description/share/ur_description/meshes/gripper/finger.stl
-- Up-to-date: /home/eric/EricBerg/Chalmers/Kandidatarbete/ros2_ws/install/ur_description/share/ur_description/meshes/gripper_base_with_partial_fingers_light.stl
-- Up-to-date: /home/eric/EricBerg/Chalmers/Kandidatarbete/ros2_ws/install/ur_description/share/ur_description/launch
-- Up-to-date: /home/eric/EricBerg/Chalmers/Kandidatarbete/ros2_ws/install/ur_description/share/ur_description/launch/display.launch.py
-- Up-to-date: /home/eric/EricBerg/Chalmers/Kandidatarbete/ros2_ws/install/ur_description/share/ur_description/rviz
-- Up-to-date: /home/eric/EricBerg/Chalmers/Kandidatarbete/ros2_ws/install/ur_description/share/ur_description/rviz/ur10e.rviz
-- Up-to-date: /home/eric/EricBerg/Chalmers/Kandidatarbete/ros2_ws/install/ur_description/share/ament_index/resource_index/package_run_dependencies/ur_description
-- Up-to-date: /home/eric/EricBerg/Chalmers/Kandidatarbete/ros2_ws/install/ur_description/share/ament_index/resource_index/parent_prefix_path/ur_description
-- Up-to-date: /home/eric/EricBerg/Chalmers/Kandidatarbete/ros2_ws/install/ur_description/share/ur_description/environment/ament_prefix_path.sh
-- Up-to-date: /home/eric/EricBerg/Chalmers/Kandidatarbete/ros2_ws/install/ur_description/share/ur_description/environment/ament_prefix_path.dsv
-- Up-to-date: /home/eric/EricBerg/Chalmers/Kandidatarbete/ros2_ws/install/ur_description/share/ur_description/environment/path.sh
-- Up-to-date: /home/eric/EricBerg/Chalmers/Kandidatarbete/ros2_ws/install/ur_description/share/ur_description/environment/path.dsv
-- Up-to-date: /home/eric/EricBerg/Chalmers/Kandidatarbete/ros2_ws/install/ur_description/share/ur_description/local_setup.bash
-- Up-to-date: /home/eric/EricBerg/Chalmers/Kandidatarbete/ros2_ws/install/ur_description/share/ur_description/local_setup.sh
-- Up-to-date: /home/eric/EricBerg/Chalmers/Kandidatarbete/ros2_ws/install/ur_description/share/ur_description/local_setup.zsh
-- Up-to-date: /home/eric/EricBerg/Chalmers/Kandidatarbete/ros2_ws/install/ur_description/share/ur_description/local_setup.dsv
-- Up-to-date: /home/eric/EricBerg/Chalmers/Kandidatarbete/ros2_ws/install/ur_description/share/ur_description/package.dsv
-- Up-to-date: /home/eric/EricBerg/Chalmers/Kandidatarbete/ros2_ws/install/ur_description/share/ament_index/resource_index/packages/ur_description
-- Up-to-date: /home/eric/EricBerg/Chalmers/Kandidatarbete/ros2_ws/install/ur_description/share/ur_description/cmake/ur_descriptionConfig.cmake
-- Up-to-date: /home/eric/EricBerg/Chalmers/Kandidatarbete/ros2_ws/install/ur_description/share/ur_description/cmake/ur_descriptionConfig-version.cmake
-- Up-to-date: /home/eric/EricBerg/Chalmers/Kandidatarbete/ros2_ws/install/ur_description/share/ur_description/package.xml
